2023-04-27 00:00:41.446  INFO 9428 --- [https-jsse-nio-8585-exec-9] c.h.c.e.p.controller.EmployeeController  : Getting user by ID: 16104 checking.............. searching 
2023-04-27 00:00:46.969  INFO 9428 --- [https-jsse-nio-8585-exec-7] c.h.c.e.p.controller.EmployeeController  : Getting user by ID: 16103 checking.............. searching 
2023-04-27 00:01:31.984  INFO 9428 --- [https-jsse-nio-8585-exec-10] c.h.c.e.p.controller.EmployeeController  : Getting user by ID: 161032 checking.............. searching 
2023-04-27 00:01:31.989  INFO 9428 --- [https-jsse-nio-8585-exec-10] c.h.c.e.p.e.GlobalExceptionhandler       : Invalid EmployeeId : 161032   { EmployeeID Starts From 16101}
2023-04-27 00:01:31.991  WARN 9428 --- [https-jsse-nio-8585-exec-10] .m.m.a.ExceptionHandlerExceptionResolver : Resolved [com.hdfc.capstone.ems.project.exception.InValidEmployeeIDException: Invalid EmployeeId : 161032   { EmployeeID Starts From 16101}]
2023-04-27 00:11:17.885  INFO 9428 --- [https-jsse-nio-8585-exec-8] c.h.c.e.p.controller.EmployeeController  : Getting user by ID: 16103 checking.............. searching 
2023-04-27 00:36:10.403  INFO 9428 --- [RMI TCP Connection(60)-127.0.0.1] inMXBeanRegistrar$SpringApplicationAdmin : Application shutdown requested.
2023-04-27 00:36:10.422  INFO 9428 --- [RMI TCP Connection(60)-127.0.0.1] o.apache.catalina.core.StandardService   : Stopping service [Tomcat]
2023-04-27 00:36:10.423  INFO 9428 --- [RMI TCP Connection(60)-127.0.0.1] o.a.c.c.C.[Tomcat-1].[localhost].[/]     : Destroying Spring FrameworkServlet 'dispatcherServlet'
2023-04-27 00:36:10.429  WARN 9428 --- [RMI TCP Connection(60)-127.0.0.1] o.a.c.loader.WebappClassLoaderBase       : The web application [ROOT] appears to have started a thread named [logback-1] but has failed to stop it. This is very likely to create a memory leak. Stack trace of thread:
 java.base@17.0.6/jdk.internal.misc.Unsafe.park(Native Method)
 java.base@17.0.6/java.util.concurrent.locks.LockSupport.park(LockSupport.java:341)
 java.base@17.0.6/java.util.concurrent.locks.AbstractQueuedSynchronizer$ConditionNode.block(AbstractQueuedSynchronizer.java:506)
 java.base@17.0.6/java.util.concurrent.ForkJoinPool.unmanagedBlock(ForkJoinPool.java:3463)
 java.base@17.0.6/java.util.concurrent.ForkJoinPool.managedBlock(ForkJoinPool.java:3434)
 java.base@17.0.6/java.util.concurrent.locks.AbstractQueuedSynchronizer$ConditionObject.await(AbstractQueuedSynchronizer.java:1623)
 java.base@17.0.6/java.util.concurrent.ScheduledThreadPoolExecutor$DelayedWorkQueue.take(ScheduledThreadPoolExecutor.java:1170)
 java.base@17.0.6/java.util.concurrent.ScheduledThreadPoolExecutor$DelayedWorkQueue.take(ScheduledThreadPoolExecutor.java:899)
 java.base@17.0.6/java.util.concurrent.ThreadPoolExecutor.getTask(ThreadPoolExecutor.java:1062)
 java.base@17.0.6/java.util.concurrent.ThreadPoolExecutor.runWorker(ThreadPoolExecutor.java:1122)
 java.base@17.0.6/java.util.concurrent.ThreadPoolExecutor$Worker.run(ThreadPoolExecutor.java:635)
 java.base@17.0.6/java.lang.Thread.run(Thread.java:833)
2023-04-27 00:36:10.430  WARN 9428 --- [RMI TCP Connection(60)-127.0.0.1] o.a.c.loader.WebappClassLoaderBase       : The web application [ROOT] appears to have started a thread named [logback-2] but has failed to stop it. This is very likely to create a memory leak. Stack trace of thread:
 java.base@17.0.6/jdk.internal.misc.Unsafe.park(Native Method)
 java.base@17.0.6/java.util.concurrent.locks.LockSupport.park(LockSupport.java:341)
 java.base@17.0.6/java.util.concurrent.locks.AbstractQueuedSynchronizer$ConditionNode.block(AbstractQueuedSynchronizer.java:506)
 java.base@17.0.6/java.util.concurrent.ForkJoinPool.unmanagedBlock(ForkJoinPool.java:3463)
 java.base@17.0.6/java.util.concurrent.ForkJoinPool.managedBlock(ForkJoinPool.java:3434)
 java.base@17.0.6/java.util.concurrent.locks.AbstractQueuedSynchronizer$ConditionObject.await(AbstractQueuedSynchronizer.java:1623)
 java.base@17.0.6/java.util.concurrent.ScheduledThreadPoolExecutor$DelayedWorkQueue.take(ScheduledThreadPoolExecutor.java:1170)
 java.base@17.0.6/java.util.concurrent.ScheduledThreadPoolExecutor$DelayedWorkQueue.take(ScheduledThreadPoolExecutor.java:899)
 java.base@17.0.6/java.util.concurrent.ThreadPoolExecutor.getTask(ThreadPoolExecutor.java:1062)
 java.base@17.0.6/java.util.concurrent.ThreadPoolExecutor.runWorker(ThreadPoolExecutor.java:1122)
 java.base@17.0.6/java.util.concurrent.ThreadPoolExecutor$Worker.run(ThreadPoolExecutor.java:635)
 java.base@17.0.6/java.lang.Thread.run(Thread.java:833)
2023-04-27 00:36:10.436  INFO 9428 --- [RMI TCP Connection(60)-127.0.0.1] j.LocalContainerEntityManagerFactoryBean : Closing JPA EntityManagerFactory for persistence unit 'default'
2023-04-27 00:36:10.437  INFO 9428 --- [RMI TCP Connection(60)-127.0.0.1] com.zaxxer.hikari.HikariDataSource       : HikariPool-8 - Shutdown initiated...
2023-04-27 00:36:10.443  INFO 9428 --- [RMI TCP Connection(60)-127.0.0.1] com.zaxxer.hikari.HikariDataSource       : HikariPool-8 - Shutdown completed.
2023-04-27 07:20:23.784  INFO 4808 --- [restartedMain] e.p.EmployeeManagementProjectApplication : Starting EmployeeManagementProjectApplication using Java 17.0.6 on DESKTOP-BPNARK5 with PID 4808 (C:\Users\Lenovo\Desktop\CapstoneProject\employee-management-project\bin\main started by Naresh in C:\Users\Lenovo\Desktop\CapstoneProject\employee-management-project)
2023-04-27 07:20:23.786  INFO 4808 --- [restartedMain] e.p.EmployeeManagementProjectApplication : No active profile set, falling back to 1 default profile: "default"
2023-04-27 07:20:23.876  INFO 4808 --- [restartedMain] .e.DevToolsPropertyDefaultsPostProcessor : Devtools property defaults active! Set 'spring.devtools.add-properties' to 'false' to disable
2023-04-27 07:20:23.876  INFO 4808 --- [restartedMain] .e.DevToolsPropertyDefaultsPostProcessor : For additional web related logging consider setting the 'logging.level.web' property to 'DEBUG'
2023-04-27 07:20:24.969  INFO 4808 --- [restartedMain] .s.d.r.c.RepositoryConfigurationDelegate : Bootstrapping Spring Data JPA repositories in DEFAULT mode.
2023-04-27 07:20:25.166  INFO 4808 --- [restartedMain] .s.d.r.c.RepositoryConfigurationDelegate : Finished Spring Data repository scanning in 183 ms. Found 1 JPA repository interfaces.
2023-04-27 07:20:25.583  INFO 4808 --- [restartedMain] trationDelegate$BeanPostProcessorChecker : Bean 'org.springframework.ws.config.annotation.DelegatingWsConfiguration' of type [org.springframework.ws.config.annotation.DelegatingWsConfiguration$$EnhancerBySpringCGLIB$$89c10612] is not eligible for getting processed by all BeanPostProcessors (for example: not eligible for auto-proxying)
2023-04-27 07:20:25.657  INFO 4808 --- [restartedMain] .w.s.a.s.AnnotationActionEndpointMapping : Supporting [WS-Addressing August 2004, WS-Addressing 1.0]
2023-04-27 07:20:26.050  INFO 4808 --- [restartedMain] o.s.b.w.embedded.tomcat.TomcatWebServer  : Tomcat initialized with port(s): 8585 (https)
2023-04-27 07:20:26.064  INFO 4808 --- [restartedMain] o.apache.catalina.core.StandardService   : Starting service [Tomcat]
2023-04-27 07:20:26.065  INFO 4808 --- [restartedMain] org.apache.catalina.core.StandardEngine  : Starting Servlet engine: [Apache Tomcat/9.0.74]
2023-04-27 07:20:26.248  INFO 4808 --- [restartedMain] o.a.c.c.C.[Tomcat].[localhost].[/]       : Initializing Spring embedded WebApplicationContext
2023-04-27 07:20:26.249  INFO 4808 --- [restartedMain] w.s.c.ServletWebServerApplicationContext : Root WebApplicationContext: initialization completed in 2371 ms
2023-04-27 07:20:26.326  INFO 4808 --- [restartedMain] com.zaxxer.hikari.HikariDataSource       : HikariPool-1 - Starting...
2023-04-27 07:20:27.007  INFO 4808 --- [restartedMain] com.zaxxer.hikari.HikariDataSource       : HikariPool-1 - Start completed.
2023-04-27 07:20:27.031  INFO 4808 --- [restartedMain] o.s.b.a.h2.H2ConsoleAutoConfiguration    : H2 console available at '/h2-console'. Database available at 'jdbc:mysql://localhost:3306/Employee_Managment_System'
2023-04-27 07:20:27.342  INFO 4808 --- [restartedMain] o.hibernate.jpa.internal.util.LogHelper  : HHH000204: Processing PersistenceUnitInfo [name: default]
2023-04-27 07:20:27.439  INFO 4808 --- [restartedMain] org.hibernate.Version                    : HHH000412: Hibernate ORM core version 5.6.15.Final
2023-04-27 07:20:27.764  INFO 4808 --- [restartedMain] o.hibernate.annotations.common.Version   : HCANN000001: Hibernate Commons Annotations {5.1.2.Final}
2023-04-27 07:20:27.941  INFO 4808 --- [restartedMain] org.hibernate.dialect.Dialect            : HHH000400: Using dialect: org.hibernate.dialect.MySQL8Dialect
2023-04-27 07:20:28.662  INFO 4808 --- [restartedMain] o.h.e.t.j.p.i.JtaPlatformInitiator       : HHH000490: Using JtaPlatform implementation: [org.hibernate.engine.transaction.jta.platform.internal.NoJtaPlatform]
2023-04-27 07:20:28.674  INFO 4808 --- [restartedMain] j.LocalContainerEntityManagerFactoryBean : Initialized JPA EntityManagerFactory for persistence unit 'default'
2023-04-27 07:20:29.114  WARN 4808 --- [restartedMain] JpaBaseConfiguration$JpaWebConfiguration : spring.jpa.open-in-view is enabled by default. Therefore, database queries may be performed during view rendering. Explicitly configure spring.jpa.open-in-view to disable this warning
2023-04-27 07:20:30.397  INFO 4808 --- [restartedMain] o.s.b.d.a.OptionalLiveReloadServer       : LiveReload server is running on port 35729
2023-04-27 07:20:30.852  INFO 4808 --- [restartedMain] o.a.t.util.net.NioEndpoint.certificate   : Connector [https-jsse-nio-8585], TLS virtual host [_default_], certificate type [UNDEFINED] configured from [file:/C:/Users/Lenovo/Desktop/CapstoneProject/employee-management-project/bin/main/capstone.p12] using alias [myalias] and with trust store [null]
2023-04-27 07:20:30.892  INFO 4808 --- [restartedMain] o.s.b.w.embedded.tomcat.TomcatWebServer  : Tomcat started on port(s): 8585 (https) with context path ''
2023-04-27 07:20:30.916  INFO 4808 --- [restartedMain] e.p.EmployeeManagementProjectApplication : Started EmployeeManagementProjectApplication in 7.959 seconds (JVM running for 9.22)
2023-04-27 07:22:52.737  INFO 4808 --- [https-jsse-nio-8585-exec-5] o.a.c.c.C.[Tomcat].[localhost].[/]       : Initializing Spring DispatcherServlet 'dispatcherServlet'
2023-04-27 07:22:52.737  INFO 4808 --- [https-jsse-nio-8585-exec-5] o.s.web.servlet.DispatcherServlet        : Initializing Servlet 'dispatcherServlet'
2023-04-27 07:22:52.739  INFO 4808 --- [https-jsse-nio-8585-exec-5] o.s.web.servlet.DispatcherServlet        : Completed initialization in 2 ms
2023-04-27 07:22:52.782  INFO 4808 --- [https-jsse-nio-8585-exec-5] c.h.c.e.p.controller.EmployeeController  : Getting user by ID: 161032 checking.............. searching 
2023-04-27 07:22:52.844  INFO 4808 --- [https-jsse-nio-8585-exec-5] c.h.c.e.p.e.GlobalExceptionhandler       : Invalid EmployeeId : 161032   { EmployeeID Starts From 16101}
2023-04-27 07:22:52.867  WARN 4808 --- [https-jsse-nio-8585-exec-5] .m.m.a.ExceptionHandlerExceptionResolver : Resolved [com.hdfc.capstone.ems.project.exception.InValidEmployeeIDException: Invalid EmployeeId : 161032   { EmployeeID Starts From 16101}]
2023-04-27 07:23:19.539  INFO 4808 --- [https-jsse-nio-8585-exec-2] c.h.c.e.p.controller.EmployeeController  : Getting user by ID: 16103 checking.............. searching 
2023-04-27 07:35:11.731  INFO 4808 --- [https-jsse-nio-8585-exec-1] c.h.c.e.p.controller.EmployeeController  : Getting user by ID: 16104 checking.............. searching 
2023-04-27 07:35:40.577  INFO 4808 --- [https-jsse-nio-8585-exec-8] c.h.c.e.p.controller.EmployeeController  : Getting user by ID: 16104 checking.............. searching 
2023-04-27 07:35:54.705  INFO 4808 --- [https-jsse-nio-8585-exec-4] c.h.c.e.p.controller.EmployeeController  : Getting user by ID: 16104 checking.............. searching 
2023-04-27 07:37:04.281  INFO 4808 --- [https-jsse-nio-8585-exec-2] c.h.c.e.p.controller.EmployeeController  : Getting user by ID: 16104 checking.............. searching 
2023-04-27 07:37:10.539  INFO 4808 --- [https-jsse-nio-8585-exec-8] c.h.c.e.p.controller.EmployeeController  : Getting user by ID: 16104 checking.............. searching 
2023-04-27 07:37:10.545  WARN 4808 --- [https-jsse-nio-8585-exec-8] .w.s.m.s.DefaultHandlerExceptionResolver : Resolved [org.springframework.web.HttpMediaTypeNotAcceptableException: Could not find acceptable representation]
2023-04-27 07:37:10.559  WARN 4808 --- [https-jsse-nio-8585-exec-8] .m.m.a.ExceptionHandlerExceptionResolver : Resolved [org.springframework.web.HttpMediaTypeNotAcceptableException: Could not find acceptable representation]
2023-04-27 07:37:15.746  INFO 4808 --- [https-jsse-nio-8585-exec-4] c.h.c.e.p.controller.EmployeeController  : Getting user by ID: 16104 checking.............. searching 
2023-04-27 07:37:15.752  WARN 4808 --- [https-jsse-nio-8585-exec-4] .w.s.m.s.DefaultHandlerExceptionResolver : Resolved [org.springframework.web.HttpMediaTypeNotAcceptableException: Could not find acceptable representation]
2023-04-27 07:37:15.755  WARN 4808 --- [https-jsse-nio-8585-exec-4] .m.m.a.ExceptionHandlerExceptionResolver : Resolved [org.springframework.web.HttpMediaTypeNotAcceptableException: Could not find acceptable representation]
2023-04-27 07:56:48.734  INFO 5816 --- [main] c.h.c.e.p.s.EmployeeServiceImplTest      : Starting EmployeeServiceImplTest using Java 17.0.6 on DESKTOP-BPNARK5 with PID 5816 (started by Naresh in C:\Users\Lenovo\Desktop\CapstoneProject\employee-management-project)
2023-04-27 07:56:48.749  INFO 5816 --- [main] c.h.c.e.p.s.EmployeeServiceImplTest      : No active profile set, falling back to 1 default profile: "default"
2023-04-27 07:56:50.291  INFO 5816 --- [main] .s.d.r.c.RepositoryConfigurationDelegate : Bootstrapping Spring Data JPA repositories in DEFAULT mode.
2023-04-27 07:56:50.544  INFO 5816 --- [main] .s.d.r.c.RepositoryConfigurationDelegate : Finished Spring Data repository scanning in 224 ms. Found 1 JPA repository interfaces.
2023-04-27 07:56:51.130  INFO 5816 --- [main] trationDelegate$BeanPostProcessorChecker : Bean 'org.springframework.ws.config.annotation.DelegatingWsConfiguration' of type [org.springframework.ws.config.annotation.DelegatingWsConfiguration$$EnhancerBySpringCGLIB$$fee41a11] is not eligible for getting processed by all BeanPostProcessors (for example: not eligible for auto-proxying)
2023-04-27 07:56:51.243  INFO 5816 --- [main] .w.s.a.s.AnnotationActionEndpointMapping : Supporting [WS-Addressing August 2004, WS-Addressing 1.0]
2023-04-27 07:56:51.688  INFO 5816 --- [main] o.hibernate.jpa.internal.util.LogHelper  : HHH000204: Processing PersistenceUnitInfo [name: default]
2023-04-27 07:56:51.800  INFO 5816 --- [main] org.hibernate.Version                    : HHH000412: Hibernate ORM core version 5.6.15.Final
2023-04-27 07:56:52.102  INFO 5816 --- [main] o.hibernate.annotations.common.Version   : HCANN000001: Hibernate Commons Annotations {5.1.2.Final}
2023-04-27 07:56:52.393  INFO 5816 --- [main] com.zaxxer.hikari.HikariDataSource       : HikariPool-1 - Starting...
2023-04-27 07:56:53.074  INFO 5816 --- [main] com.zaxxer.hikari.HikariDataSource       : HikariPool-1 - Start completed.
2023-04-27 07:56:53.131  INFO 5816 --- [main] org.hibernate.dialect.Dialect            : HHH000400: Using dialect: org.hibernate.dialect.MySQL8Dialect
2023-04-27 07:56:54.602  INFO 5816 --- [main] o.h.e.t.j.p.i.JtaPlatformInitiator       : HHH000490: Using JtaPlatform implementation: [org.hibernate.engine.transaction.jta.platform.internal.NoJtaPlatform]
2023-04-27 07:56:54.620  INFO 5816 --- [main] j.LocalContainerEntityManagerFactoryBean : Initialized JPA EntityManagerFactory for persistence unit 'default'
2023-04-27 07:56:56.024  WARN 5816 --- [main] JpaBaseConfiguration$JpaWebConfiguration : spring.jpa.open-in-view is enabled by default. Therefore, database queries may be performed during view rendering. Explicitly configure spring.jpa.open-in-view to disable this warning
2023-04-27 07:56:59.468  INFO 5816 --- [main] c.h.c.e.p.s.EmployeeServiceImplTest      : Started EmployeeServiceImplTest in 11.318 seconds (JVM running for 14.612)
2023-04-27 07:57:00.104  INFO 5816 --- [SpringApplicationShutdownHook] j.LocalContainerEntityManagerFactoryBean : Closing JPA EntityManagerFactory for persistence unit 'default'
2023-04-27 07:57:00.108  INFO 5816 --- [SpringApplicationShutdownHook] com.zaxxer.hikari.HikariDataSource       : HikariPool-1 - Shutdown initiated...
2023-04-27 07:57:00.136  INFO 5816 --- [SpringApplicationShutdownHook] com.zaxxer.hikari.HikariDataSource       : HikariPool-1 - Shutdown completed.
2023-04-27 07:59:55.206  INFO 4808 --- [https-jsse-nio-8585-exec-3] c.h.c.e.p.controller.EmployeeController  : Getting user by ID: 161041 checking.............. searching 
2023-04-27 07:59:55.224  INFO 4808 --- [https-jsse-nio-8585-exec-3] c.h.c.e.p.e.GlobalExceptionhandler       : Invalid EmployeeId : 161041   { EmployeeID Starts From 16101}
2023-04-27 07:59:55.228  WARN 4808 --- [https-jsse-nio-8585-exec-3] .m.m.a.ExceptionHandlerExceptionResolver : Resolved [com.hdfc.capstone.ems.project.exception.InValidEmployeeIDException: Invalid EmployeeId : 161041   { EmployeeID Starts From 16101}]
2023-04-27 08:00:06.010  INFO 4808 --- [https-jsse-nio-8585-exec-9] c.h.c.e.p.controller.EmployeeController  : Getting user by ID: 161041 checking.............. searching 
2023-04-27 08:00:06.015  INFO 4808 --- [https-jsse-nio-8585-exec-9] c.h.c.e.p.e.GlobalExceptionhandler       : Invalid EmployeeId : 161041   { EmployeeID Starts From 16101}
2023-04-27 08:00:06.016  WARN 4808 --- [https-jsse-nio-8585-exec-9] .m.m.a.ExceptionHandlerExceptionResolver : Resolved [com.hdfc.capstone.ems.project.exception.InValidEmployeeIDException: Invalid EmployeeId : 161041   { EmployeeID Starts From 16101}]
2023-04-27 08:00:13.098  INFO 4808 --- [https-jsse-nio-8585-exec-4] c.h.c.e.p.controller.EmployeeController  : Getting user by ID: 161041 checking.............. searching 
2023-04-27 08:00:13.103  INFO 4808 --- [https-jsse-nio-8585-exec-4] c.h.c.e.p.e.GlobalExceptionhandler       : Invalid EmployeeId : 161041   { EmployeeID Starts From 16101}
2023-04-27 08:00:13.104  WARN 4808 --- [https-jsse-nio-8585-exec-4] .m.m.a.ExceptionHandlerExceptionResolver : Resolved [com.hdfc.capstone.ems.project.exception.InValidEmployeeIDException: Invalid EmployeeId : 161041   { EmployeeID Starts From 16101}]
2023-04-27 08:59:44.880  INFO 4808 --- [RMI TCP Connection(103)-127.0.0.1] inMXBeanRegistrar$SpringApplicationAdmin : Application shutdown requested.
2023-04-27 08:59:44.897  INFO 4808 --- [RMI TCP Connection(103)-127.0.0.1] o.apache.catalina.core.StandardService   : Stopping service [Tomcat]
2023-04-27 08:59:44.900  INFO 4808 --- [RMI TCP Connection(103)-127.0.0.1] o.a.c.c.C.[Tomcat].[localhost].[/]       : Destroying Spring FrameworkServlet 'dispatcherServlet'
2023-04-27 08:59:44.933  INFO 4808 --- [RMI TCP Connection(103)-127.0.0.1] j.LocalContainerEntityManagerFactoryBean : Closing JPA EntityManagerFactory for persistence unit 'default'
2023-04-27 08:59:44.937  INFO 4808 --- [RMI TCP Connection(103)-127.0.0.1] com.zaxxer.hikari.HikariDataSource       : HikariPool-1 - Shutdown initiated...
2023-04-27 08:59:44.943  INFO 4808 --- [RMI TCP Connection(103)-127.0.0.1] com.zaxxer.hikari.HikariDataSource       : HikariPool-1 - Shutdown completed.
2023-04-27 08:59:48.794  INFO 10180 --- [restartedMain] e.p.EmployeeManagementProjectApplication : Starting EmployeeManagementProjectApplication using Java 17.0.6 on DESKTOP-BPNARK5 with PID 10180 (C:\Users\Lenovo\Desktop\CapstoneProject\employee-management-project\bin\main started by Naresh in C:\Users\Lenovo\Desktop\CapstoneProject\employee-management-project)
2023-04-27 08:59:48.797  INFO 10180 --- [restartedMain] e.p.EmployeeManagementProjectApplication : No active profile set, falling back to 1 default profile: "default"
2023-04-27 08:59:48.881  INFO 10180 --- [restartedMain] .e.DevToolsPropertyDefaultsPostProcessor : Devtools property defaults active! Set 'spring.devtools.add-properties' to 'false' to disable
2023-04-27 08:59:48.881  INFO 10180 --- [restartedMain] .e.DevToolsPropertyDefaultsPostProcessor : For additional web related logging consider setting the 'logging.level.web' property to 'DEBUG'
2023-04-27 08:59:49.768  INFO 10180 --- [restartedMain] .s.d.r.c.RepositoryConfigurationDelegate : Bootstrapping Spring Data JPA repositories in DEFAULT mode.
2023-04-27 08:59:49.931  INFO 10180 --- [restartedMain] .s.d.r.c.RepositoryConfigurationDelegate : Finished Spring Data repository scanning in 152 ms. Found 1 JPA repository interfaces.
2023-04-27 08:59:50.358  INFO 10180 --- [restartedMain] trationDelegate$BeanPostProcessorChecker : Bean 'org.springframework.ws.config.annotation.DelegatingWsConfiguration' of type [org.springframework.ws.config.annotation.DelegatingWsConfiguration$$EnhancerBySpringCGLIB$$cff111d4] is not eligible for getting processed by all BeanPostProcessors (for example: not eligible for auto-proxying)
2023-04-27 08:59:50.439  INFO 10180 --- [restartedMain] .w.s.a.s.AnnotationActionEndpointMapping : Supporting [WS-Addressing August 2004, WS-Addressing 1.0]
2023-04-27 08:59:50.821  INFO 10180 --- [restartedMain] o.s.b.w.embedded.tomcat.TomcatWebServer  : Tomcat initialized with port(s): 8585 (https)
2023-04-27 08:59:50.840  INFO 10180 --- [restartedMain] o.apache.catalina.core.StandardService   : Starting service [Tomcat]
2023-04-27 08:59:50.841  INFO 10180 --- [restartedMain] org.apache.catalina.core.StandardEngine  : Starting Servlet engine: [Apache Tomcat/9.0.74]
2023-04-27 08:59:50.954  INFO 10180 --- [restartedMain] o.a.c.c.C.[Tomcat].[localhost].[/]       : Initializing Spring embedded WebApplicationContext
2023-04-27 08:59:50.955  INFO 10180 --- [restartedMain] w.s.c.ServletWebServerApplicationContext : Root WebApplicationContext: initialization completed in 2073 ms
2023-04-27 08:59:50.996  INFO 10180 --- [restartedMain] com.zaxxer.hikari.HikariDataSource       : HikariPool-1 - Starting...
2023-04-27 08:59:51.419  INFO 10180 --- [restartedMain] com.zaxxer.hikari.HikariDataSource       : HikariPool-1 - Start completed.
2023-04-27 08:59:51.431  INFO 10180 --- [restartedMain] o.s.b.a.h2.H2ConsoleAutoConfiguration    : H2 console available at '/h2-console'. Database available at 'jdbc:mysql://localhost:3306/Employee_Managment_System'
2023-04-27 08:59:51.692  INFO 10180 --- [restartedMain] o.hibernate.jpa.internal.util.LogHelper  : HHH000204: Processing PersistenceUnitInfo [name: default]
2023-04-27 08:59:51.808  INFO 10180 --- [restartedMain] org.hibernate.Version                    : HHH000412: Hibernate ORM core version 5.6.15.Final
2023-04-27 08:59:52.041  INFO 10180 --- [restartedMain] o.hibernate.annotations.common.Version   : HCANN000001: Hibernate Commons Annotations {5.1.2.Final}
2023-04-27 08:59:52.212  INFO 10180 --- [restartedMain] org.hibernate.dialect.Dialect            : HHH000400: Using dialect: org.hibernate.dialect.MySQL8Dialect
2023-04-27 08:59:52.898  INFO 10180 --- [restartedMain] o.h.e.t.j.p.i.JtaPlatformInitiator       : HHH000490: Using JtaPlatform implementation: [org.hibernate.engine.transaction.jta.platform.internal.NoJtaPlatform]
2023-04-27 08:59:52.910  INFO 10180 --- [restartedMain] j.LocalContainerEntityManagerFactoryBean : Initialized JPA EntityManagerFactory for persistence unit 'default'
2023-04-27 08:59:53.312  WARN 10180 --- [restartedMain] JpaBaseConfiguration$JpaWebConfiguration : spring.jpa.open-in-view is enabled by default. Therefore, database queries may be performed during view rendering. Explicitly configure spring.jpa.open-in-view to disable this warning
2023-04-27 08:59:54.524  INFO 10180 --- [restartedMain] o.s.b.d.a.OptionalLiveReloadServer       : LiveReload server is running on port 35729
2023-04-27 08:59:54.810  INFO 10180 --- [restartedMain] o.a.t.util.net.NioEndpoint.certificate   : Connector [https-jsse-nio-8585], TLS virtual host [_default_], certificate type [UNDEFINED] configured from [file:/C:/Users/Lenovo/Desktop/CapstoneProject/employee-management-project/bin/main/capstone.p12] using alias [myalias] and with trust store [null]
2023-04-27 08:59:54.845  INFO 10180 --- [restartedMain] o.s.b.w.embedded.tomcat.TomcatWebServer  : Tomcat started on port(s): 8585 (https) with context path ''
2023-04-27 08:59:54.868  INFO 10180 --- [restartedMain] e.p.EmployeeManagementProjectApplication : Started EmployeeManagementProjectApplication in 6.505 seconds (JVM running for 7.746)
2023-04-27 09:01:00.645  INFO 10180 --- [File Watcher] rtingClassPathChangeChangedEventListener : Restarting due to 1 class path change (0 additions, 0 deletions, 1 modification)
2023-04-27 09:01:00.664  INFO 10180 --- [Thread-5] o.apache.catalina.core.StandardService   : Stopping service [Tomcat]
2023-04-27 09:01:00.690  INFO 10180 --- [Thread-5] j.LocalContainerEntityManagerFactoryBean : Closing JPA EntityManagerFactory for persistence unit 'default'
2023-04-27 09:01:00.694  INFO 10180 --- [Thread-5] com.zaxxer.hikari.HikariDataSource       : HikariPool-1 - Shutdown initiated...
2023-04-27 09:01:00.703  INFO 10180 --- [Thread-5] com.zaxxer.hikari.HikariDataSource       : HikariPool-1 - Shutdown completed.
2023-04-27 09:01:00.931  INFO 10180 --- [restartedMain] e.p.EmployeeManagementProjectApplication : Starting EmployeeManagementProjectApplication using Java 17.0.6 on DESKTOP-BPNARK5 with PID 10180 (C:\Users\Lenovo\Desktop\CapstoneProject\employee-management-project\bin\main started by Naresh in C:\Users\Lenovo\Desktop\CapstoneProject\employee-management-project)
2023-04-27 09:01:00.931  INFO 10180 --- [restartedMain] e.p.EmployeeManagementProjectApplication : No active profile set, falling back to 1 default profile: "default"
2023-04-27 09:01:01.257  INFO 10180 --- [restartedMain] .s.d.r.c.RepositoryConfigurationDelegate : Bootstrapping Spring Data JPA repositories in DEFAULT mode.
2023-04-27 09:01:01.271  INFO 10180 --- [restartedMain] .s.d.r.c.RepositoryConfigurationDelegate : Finished Spring Data repository scanning in 13 ms. Found 1 JPA repository interfaces.
2023-04-27 09:01:01.343  INFO 10180 --- [restartedMain] trationDelegate$BeanPostProcessorChecker : Bean 'org.springframework.ws.config.annotation.DelegatingWsConfiguration' of type [org.springframework.ws.config.annotation.DelegatingWsConfiguration$$EnhancerBySpringCGLIB$$cff111d4] is not eligible for getting processed by all BeanPostProcessors (for example: not eligible for auto-proxying)
2023-04-27 09:01:01.345  INFO 10180 --- [restartedMain] .w.s.a.s.AnnotationActionEndpointMapping : Supporting [WS-Addressing August 2004, WS-Addressing 1.0]
2023-04-27 09:01:01.399  INFO 10180 --- [restartedMain] o.s.b.w.embedded.tomcat.TomcatWebServer  : Tomcat initialized with port(s): 8585 (https)
2023-04-27 09:01:01.400  INFO 10180 --- [restartedMain] o.apache.catalina.core.StandardService   : Starting service [Tomcat]
2023-04-27 09:01:01.401  INFO 10180 --- [restartedMain] org.apache.catalina.core.StandardEngine  : Starting Servlet engine: [Apache Tomcat/9.0.74]
2023-04-27 09:01:01.433  INFO 10180 --- [restartedMain] o.a.c.c.C.[Tomcat].[localhost].[/]       : Initializing Spring embedded WebApplicationContext
2023-04-27 09:01:01.434  INFO 10180 --- [restartedMain] w.s.c.ServletWebServerApplicationContext : Root WebApplicationContext: initialization completed in 500 ms
2023-04-27 09:01:01.452  INFO 10180 --- [restartedMain] com.zaxxer.hikari.HikariDataSource       : HikariPool-2 - Starting...
2023-04-27 09:01:01.472  INFO 10180 --- [restartedMain] com.zaxxer.hikari.HikariDataSource       : HikariPool-2 - Start completed.
2023-04-27 09:01:01.472  INFO 10180 --- [restartedMain] o.s.b.a.h2.H2ConsoleAutoConfiguration    : H2 console available at '/h2-console'. Database available at 'jdbc:mysql://localhost:3306/Employee_Managment_System'
2023-04-27 09:01:01.513  INFO 10180 --- [restartedMain] o.hibernate.jpa.internal.util.LogHelper  : HHH000204: Processing PersistenceUnitInfo [name: default]
2023-04-27 09:01:01.523  INFO 10180 --- [restartedMain] org.hibernate.dialect.Dialect            : HHH000400: Using dialect: org.hibernate.dialect.MySQL8Dialect
2023-04-27 09:01:01.590  INFO 10180 --- [restartedMain] o.h.e.t.j.p.i.JtaPlatformInitiator       : HHH000490: Using JtaPlatform implementation: [org.hibernate.engine.transaction.jta.platform.internal.NoJtaPlatform]
2023-04-27 09:01:01.590  INFO 10180 --- [restartedMain] j.LocalContainerEntityManagerFactoryBean : Initialized JPA EntityManagerFactory for persistence unit 'default'
2023-04-27 09:01:01.796  WARN 10180 --- [restartedMain] JpaBaseConfiguration$JpaWebConfiguration : spring.jpa.open-in-view is enabled by default. Therefore, database queries may be performed during view rendering. Explicitly configure spring.jpa.open-in-view to disable this warning
2023-04-27 09:01:02.459  INFO 10180 --- [restartedMain] o.s.b.d.a.OptionalLiveReloadServer       : LiveReload server is running on port 35729
2023-04-27 09:01:02.653  INFO 10180 --- [restartedMain] o.a.t.util.net.NioEndpoint.certificate   : Connector [https-jsse-nio-8585], TLS virtual host [_default_], certificate type [UNDEFINED] configured from [file:/C:/Users/Lenovo/Desktop/CapstoneProject/employee-management-project/bin/main/capstone.p12] using alias [myalias] and with trust store [null]
2023-04-27 09:01:02.657  INFO 10180 --- [restartedMain] o.s.b.w.embedded.tomcat.TomcatWebServer  : Tomcat started on port(s): 8585 (https) with context path ''
2023-04-27 09:01:02.668  INFO 10180 --- [restartedMain] e.p.EmployeeManagementProjectApplication : Started EmployeeManagementProjectApplication in 1.919 seconds (JVM running for 75.546)
2023-04-27 09:01:02.671  INFO 10180 --- [restartedMain] .ConditionEvaluationDeltaLoggingListener : Condition evaluation unchanged
2023-04-27 09:04:42.487  INFO 10180 --- [RMI TCP Connection(8)-127.0.0.1] inMXBeanRegistrar$SpringApplicationAdmin : Application shutdown requested.
2023-04-27 09:04:42.496  INFO 10180 --- [RMI TCP Connection(8)-127.0.0.1] o.apache.catalina.core.StandardService   : Stopping service [Tomcat]
2023-04-27 09:04:42.501  INFO 10180 --- [RMI TCP Connection(8)-127.0.0.1] j.LocalContainerEntityManagerFactoryBean : Closing JPA EntityManagerFactory for persistence unit 'default'
2023-04-27 09:04:42.502  INFO 10180 --- [RMI TCP Connection(8)-127.0.0.1] com.zaxxer.hikari.HikariDataSource       : HikariPool-2 - Shutdown initiated...
2023-04-27 09:04:42.506  INFO 10180 --- [RMI TCP Connection(8)-127.0.0.1] com.zaxxer.hikari.HikariDataSource       : HikariPool-2 - Shutdown completed.
2023-04-27 09:04:45.383  INFO 412 --- [restartedMain] e.p.EmployeeManagementProjectApplication : Starting EmployeeManagementProjectApplication using Java 17.0.6 on DESKTOP-BPNARK5 with PID 412 (C:\Users\Lenovo\Desktop\CapstoneProject\employee-management-project\bin\main started by Naresh in C:\Users\Lenovo\Desktop\CapstoneProject\employee-management-project)
2023-04-27 09:04:45.385  INFO 412 --- [restartedMain] e.p.EmployeeManagementProjectApplication : No active profile set, falling back to 1 default profile: "default"
2023-04-27 09:04:45.486  INFO 412 --- [restartedMain] .e.DevToolsPropertyDefaultsPostProcessor : Devtools property defaults active! Set 'spring.devtools.add-properties' to 'false' to disable
2023-04-27 09:04:45.486  INFO 412 --- [restartedMain] .e.DevToolsPropertyDefaultsPostProcessor : For additional web related logging consider setting the 'logging.level.web' property to 'DEBUG'
2023-04-27 09:04:46.339  INFO 412 --- [restartedMain] .s.d.r.c.RepositoryConfigurationDelegate : Bootstrapping Spring Data JPA repositories in DEFAULT mode.
2023-04-27 09:04:46.503  INFO 412 --- [restartedMain] .s.d.r.c.RepositoryConfigurationDelegate : Finished Spring Data repository scanning in 151 ms. Found 1 JPA repository interfaces.
2023-04-27 09:04:46.837  INFO 412 --- [restartedMain] trationDelegate$BeanPostProcessorChecker : Bean 'org.springframework.ws.config.annotation.DelegatingWsConfiguration' of type [org.springframework.ws.config.annotation.DelegatingWsConfiguration$$EnhancerBySpringCGLIB$$b8baaf69] is not eligible for getting processed by all BeanPostProcessors (for example: not eligible for auto-proxying)
2023-04-27 09:04:46.901  INFO 412 --- [restartedMain] .w.s.a.s.AnnotationActionEndpointMapping : Supporting [WS-Addressing August 2004, WS-Addressing 1.0]
2023-04-27 09:04:47.243  INFO 412 --- [restartedMain] o.s.b.w.embedded.tomcat.TomcatWebServer  : Tomcat initialized with port(s): 8585 (https)
2023-04-27 09:04:47.253  INFO 412 --- [restartedMain] o.apache.catalina.core.StandardService   : Starting service [Tomcat]
2023-04-27 09:04:47.253  INFO 412 --- [restartedMain] org.apache.catalina.core.StandardEngine  : Starting Servlet engine: [Apache Tomcat/9.0.74]
2023-04-27 09:04:47.374  INFO 412 --- [restartedMain] o.a.c.c.C.[Tomcat].[localhost].[/]       : Initializing Spring embedded WebApplicationContext
2023-04-27 09:04:47.375  INFO 412 --- [restartedMain] w.s.c.ServletWebServerApplicationContext : Root WebApplicationContext: initialization completed in 1887 ms
2023-04-27 09:04:47.421  INFO 412 --- [restartedMain] com.zaxxer.hikari.HikariDataSource       : HikariPool-1 - Starting...
2023-04-27 09:04:47.779  INFO 412 --- [restartedMain] com.zaxxer.hikari.HikariDataSource       : HikariPool-1 - Start completed.
2023-04-27 09:04:47.792  INFO 412 --- [restartedMain] o.s.b.a.h2.H2ConsoleAutoConfiguration    : H2 console available at '/h2-console'. Database available at 'jdbc:mysql://localhost:3306/Employee_Managment_System'
2023-04-27 09:04:47.974  INFO 412 --- [restartedMain] o.hibernate.jpa.internal.util.LogHelper  : HHH000204: Processing PersistenceUnitInfo [name: default]
2023-04-27 09:04:48.090  INFO 412 --- [restartedMain] org.hibernate.Version                    : HHH000412: Hibernate ORM core version 5.6.15.Final
2023-04-27 09:04:48.280  INFO 412 --- [restartedMain] o.hibernate.annotations.common.Version   : HCANN000001: Hibernate Commons Annotations {5.1.2.Final}
2023-04-27 09:04:48.423  INFO 412 --- [restartedMain] org.hibernate.dialect.Dialect            : HHH000400: Using dialect: org.hibernate.dialect.MySQL8Dialect
2023-04-27 09:04:49.113  INFO 412 --- [restartedMain] o.h.e.t.j.p.i.JtaPlatformInitiator       : HHH000490: Using JtaPlatform implementation: [org.hibernate.engine.transaction.jta.platform.internal.NoJtaPlatform]
2023-04-27 09:04:49.124  INFO 412 --- [restartedMain] j.LocalContainerEntityManagerFactoryBean : Initialized JPA EntityManagerFactory for persistence unit 'default'
2023-04-27 09:04:49.525  WARN 412 --- [restartedMain] JpaBaseConfiguration$JpaWebConfiguration : spring.jpa.open-in-view is enabled by default. Therefore, database queries may be performed during view rendering. Explicitly configure spring.jpa.open-in-view to disable this warning
2023-04-27 09:04:50.683  INFO 412 --- [restartedMain] o.s.b.d.a.OptionalLiveReloadServer       : LiveReload server is running on port 35729
2023-04-27 09:04:50.952  INFO 412 --- [restartedMain] o.a.t.util.net.NioEndpoint.certificate   : Connector [https-jsse-nio-8585], TLS virtual host [_default_], certificate type [UNDEFINED] configured from [file:/C:/Users/Lenovo/Desktop/CapstoneProject/employee-management-project/bin/main/capstone.p12] using alias [myalias] and with trust store [null]
2023-04-27 09:04:50.977  INFO 412 --- [restartedMain] o.s.b.w.embedded.tomcat.TomcatWebServer  : Tomcat started on port(s): 8585 (https) with context path ''
2023-04-27 09:04:50.993  INFO 412 --- [restartedMain] e.p.EmployeeManagementProjectApplication : Started EmployeeManagementProjectApplication in 6.106 seconds (JVM running for 7.179)
2023-04-27 09:08:41.134  INFO 412 --- [File Watcher] rtingClassPathChangeChangedEventListener : Restarting due to 1 class path change (0 additions, 0 deletions, 1 modification)
2023-04-27 09:08:41.156  INFO 412 --- [Thread-5] o.apache.catalina.core.StandardService   : Stopping service [Tomcat]
2023-04-27 09:08:41.181  INFO 412 --- [Thread-5] j.LocalContainerEntityManagerFactoryBean : Closing JPA EntityManagerFactory for persistence unit 'default'
2023-04-27 09:08:41.186  INFO 412 --- [Thread-5] com.zaxxer.hikari.HikariDataSource       : HikariPool-1 - Shutdown initiated...
2023-04-27 09:08:41.194  INFO 412 --- [Thread-5] com.zaxxer.hikari.HikariDataSource       : HikariPool-1 - Shutdown completed.
2023-04-27 09:08:41.306  INFO 412 --- [restartedMain] e.p.EmployeeManagementProjectApplication : Starting EmployeeManagementProjectApplication using Java 17.0.6 on DESKTOP-BPNARK5 with PID 412 (C:\Users\Lenovo\Desktop\CapstoneProject\employee-management-project\bin\main started by Naresh in C:\Users\Lenovo\Desktop\CapstoneProject\employee-management-project)
2023-04-27 09:08:41.307  INFO 412 --- [restartedMain] e.p.EmployeeManagementProjectApplication : No active profile set, falling back to 1 default profile: "default"
2023-04-27 09:08:41.609  INFO 412 --- [restartedMain] .s.d.r.c.RepositoryConfigurationDelegate : Bootstrapping Spring Data JPA repositories in DEFAULT mode.
2023-04-27 09:08:41.622  INFO 412 --- [restartedMain] .s.d.r.c.RepositoryConfigurationDelegate : Finished Spring Data repository scanning in 12 ms. Found 1 JPA repository interfaces.
2023-04-27 09:08:41.696  INFO 412 --- [restartedMain] trationDelegate$BeanPostProcessorChecker : Bean 'org.springframework.ws.config.annotation.DelegatingWsConfiguration' of type [org.springframework.ws.config.annotation.DelegatingWsConfiguration$$EnhancerBySpringCGLIB$$b8baaf69] is not eligible for getting processed by all BeanPostProcessors (for example: not eligible for auto-proxying)
2023-04-27 09:08:41.698  INFO 412 --- [restartedMain] .w.s.a.s.AnnotationActionEndpointMapping : Supporting [WS-Addressing August 2004, WS-Addressing 1.0]
2023-04-27 09:08:41.752  INFO 412 --- [restartedMain] o.s.b.w.embedded.tomcat.TomcatWebServer  : Tomcat initialized with port(s): 8585 (https)
2023-04-27 09:08:41.753  INFO 412 --- [restartedMain] o.apache.catalina.core.StandardService   : Starting service [Tomcat]
2023-04-27 09:08:41.753  INFO 412 --- [restartedMain] org.apache.catalina.core.StandardEngine  : Starting Servlet engine: [Apache Tomcat/9.0.74]
2023-04-27 09:08:41.790  INFO 412 --- [restartedMain] o.a.c.c.C.[Tomcat].[localhost].[/]       : Initializing Spring embedded WebApplicationContext
2023-04-27 09:08:41.790  INFO 412 --- [restartedMain] w.s.c.ServletWebServerApplicationContext : Root WebApplicationContext: initialization completed in 479 ms
2023-04-27 09:08:41.811  INFO 412 --- [restartedMain] com.zaxxer.hikari.HikariDataSource       : HikariPool-2 - Starting...
2023-04-27 09:08:41.831  INFO 412 --- [restartedMain] com.zaxxer.hikari.HikariDataSource       : HikariPool-2 - Start completed.
2023-04-27 09:08:41.832  INFO 412 --- [restartedMain] o.s.b.a.h2.H2ConsoleAutoConfiguration    : H2 console available at '/h2-console'. Database available at 'jdbc:mysql://localhost:3306/employee_management_system'
2023-04-27 09:08:41.886  INFO 412 --- [restartedMain] o.hibernate.jpa.internal.util.LogHelper  : HHH000204: Processing PersistenceUnitInfo [name: default]
2023-04-27 09:08:41.900  INFO 412 --- [restartedMain] org.hibernate.dialect.Dialect            : HHH000400: Using dialect: org.hibernate.dialect.MySQL8Dialect
2023-04-27 09:08:41.950  INFO 412 --- [restartedMain] o.h.e.t.j.p.i.JtaPlatformInitiator       : HHH000490: Using JtaPlatform implementation: [org.hibernate.engine.transaction.jta.platform.internal.NoJtaPlatform]
2023-04-27 09:08:41.950  INFO 412 --- [restartedMain] j.LocalContainerEntityManagerFactoryBean : Initialized JPA EntityManagerFactory for persistence unit 'default'
2023-04-27 09:08:42.164  WARN 412 --- [restartedMain] JpaBaseConfiguration$JpaWebConfiguration : spring.jpa.open-in-view is enabled by default. Therefore, database queries may be performed during view rendering. Explicitly configure spring.jpa.open-in-view to disable this warning
2023-04-27 09:08:42.862  INFO 412 --- [restartedMain] o.s.b.d.a.OptionalLiveReloadServer       : LiveReload server is running on port 35729
2023-04-27 09:08:43.076  INFO 412 --- [restartedMain] o.a.t.util.net.NioEndpoint.certificate   : Connector [https-jsse-nio-8585], TLS virtual host [_default_], certificate type [UNDEFINED] configured from [file:/C:/Users/Lenovo/Desktop/CapstoneProject/employee-management-project/bin/main/capstone.p12] using alias [myalias] and with trust store [null]
2023-04-27 09:08:43.080  INFO 412 --- [restartedMain] o.s.b.w.embedded.tomcat.TomcatWebServer  : Tomcat started on port(s): 8585 (https) with context path ''
2023-04-27 09:08:43.087  INFO 412 --- [restartedMain] e.p.EmployeeManagementProjectApplication : Started EmployeeManagementProjectApplication in 1.843 seconds (JVM running for 239.272)
2023-04-27 09:08:43.091  INFO 412 --- [restartedMain] .ConditionEvaluationDeltaLoggingListener : Condition evaluation unchanged
2023-04-27 09:08:58.182  INFO 412 --- [https-jsse-nio-8585-exec-6] o.a.c.c.C.[Tomcat].[localhost].[/]       : Initializing Spring DispatcherServlet 'dispatcherServlet'
2023-04-27 09:08:58.182  INFO 412 --- [https-jsse-nio-8585-exec-6] o.s.web.servlet.DispatcherServlet        : Initializing Servlet 'dispatcherServlet'
2023-04-27 09:08:58.184  INFO 412 --- [https-jsse-nio-8585-exec-6] o.s.web.servlet.DispatcherServlet        : Completed initialization in 2 ms
2023-04-27 09:08:58.223  INFO 412 --- [https-jsse-nio-8585-exec-6] c.h.c.e.p.controller.EmployeeController  : Getting user by ID: 161041 checking.............. searching 
2023-04-27 09:08:58.278  INFO 412 --- [https-jsse-nio-8585-exec-6] c.h.c.e.p.e.GlobalExceptionhandler       : Invalid EmployeeId : 161041   { EmployeeID Starts From 16101}
2023-04-27 09:08:58.300  WARN 412 --- [https-jsse-nio-8585-exec-6] .m.m.a.ExceptionHandlerExceptionResolver : Resolved [com.hdfc.capstone.ems.project.exception.InValidEmployeeIDException: Invalid EmployeeId : 161041   { EmployeeID Starts From 16101}]
2023-04-27 09:09:03.851  INFO 412 --- [https-jsse-nio-8585-exec-3] c.h.c.e.p.controller.EmployeeController  : Getting user by ID: 16104 checking.............. searching 
2023-04-27 09:09:18.196  INFO 412 --- [File Watcher] rtingClassPathChangeChangedEventListener : Restarting due to 1 class path change (0 additions, 0 deletions, 1 modification)
2023-04-27 09:09:18.212  INFO 412 --- [Thread-7] o.apache.catalina.core.StandardService   : Stopping service [Tomcat]
2023-04-27 09:09:18.212  INFO 412 --- [Thread-7] o.a.c.c.C.[Tomcat].[localhost].[/]       : Destroying Spring FrameworkServlet 'dispatcherServlet'
2023-04-27 09:09:18.219  INFO 412 --- [Thread-7] j.LocalContainerEntityManagerFactoryBean : Closing JPA EntityManagerFactory for persistence unit 'default'
2023-04-27 09:09:18.220  INFO 412 --- [Thread-7] com.zaxxer.hikari.HikariDataSource       : HikariPool-2 - Shutdown initiated...
2023-04-27 09:09:18.227  INFO 412 --- [Thread-7] com.zaxxer.hikari.HikariDataSource       : HikariPool-2 - Shutdown completed.
2023-04-27 09:09:18.313  INFO 412 --- [restartedMain] e.p.EmployeeManagementProjectApplication : Starting EmployeeManagementProjectApplication using Java 17.0.6 on DESKTOP-BPNARK5 with PID 412 (C:\Users\Lenovo\Desktop\CapstoneProject\employee-management-project\bin\main started by Naresh in C:\Users\Lenovo\Desktop\CapstoneProject\employee-management-project)
2023-04-27 09:09:18.313  INFO 412 --- [restartedMain] e.p.EmployeeManagementProjectApplication : No active profile set, falling back to 1 default profile: "default"
2023-04-27 09:09:18.595  INFO 412 --- [restartedMain] .s.d.r.c.RepositoryConfigurationDelegate : Bootstrapping Spring Data JPA repositories in DEFAULT mode.
2023-04-27 09:09:18.606  INFO 412 --- [restartedMain] .s.d.r.c.RepositoryConfigurationDelegate : Finished Spring Data repository scanning in 11 ms. Found 1 JPA repository interfaces.
2023-04-27 09:09:18.675  INFO 412 --- [restartedMain] trationDelegate$BeanPostProcessorChecker : Bean 'org.springframework.ws.config.annotation.DelegatingWsConfiguration' of type [org.springframework.ws.config.annotation.DelegatingWsConfiguration$$EnhancerBySpringCGLIB$$b8baaf69] is not eligible for getting processed by all BeanPostProcessors (for example: not eligible for auto-proxying)
2023-04-27 09:09:18.677  INFO 412 --- [restartedMain] .w.s.a.s.AnnotationActionEndpointMapping : Supporting [WS-Addressing August 2004, WS-Addressing 1.0]
2023-04-27 09:09:18.729  INFO 412 --- [restartedMain] o.s.b.w.embedded.tomcat.TomcatWebServer  : Tomcat initialized with port(s): 8585 (https)
2023-04-27 09:09:18.730  INFO 412 --- [restartedMain] o.apache.catalina.core.StandardService   : Starting service [Tomcat]
2023-04-27 09:09:18.731  INFO 412 --- [restartedMain] org.apache.catalina.core.StandardEngine  : Starting Servlet engine: [Apache Tomcat/9.0.74]
2023-04-27 09:09:18.771  INFO 412 --- [restartedMain] o.a.c.c.C.[Tomcat].[localhost].[/]       : Initializing Spring embedded WebApplicationContext
2023-04-27 09:09:18.772  INFO 412 --- [restartedMain] w.s.c.ServletWebServerApplicationContext : Root WebApplicationContext: initialization completed in 455 ms
2023-04-27 09:09:18.789  INFO 412 --- [restartedMain] com.zaxxer.hikari.HikariDataSource       : HikariPool-3 - Starting...
2023-04-27 09:09:18.812  INFO 412 --- [restartedMain] com.zaxxer.hikari.HikariDataSource       : HikariPool-3 - Start completed.
2023-04-27 09:09:18.812  INFO 412 --- [restartedMain] o.s.b.a.h2.H2ConsoleAutoConfiguration    : H2 console available at '/h2-console'. Database available at 'jdbc:mysql://localhost:3306/employee_management_system'
2023-04-27 09:09:18.847  INFO 412 --- [restartedMain] o.hibernate.jpa.internal.util.LogHelper  : HHH000204: Processing PersistenceUnitInfo [name: default]
2023-04-27 09:09:18.855  INFO 412 --- [restartedMain] org.hibernate.dialect.Dialect            : HHH000400: Using dialect: org.hibernate.dialect.MySQL8Dialect
2023-04-27 09:09:18.897  INFO 412 --- [restartedMain] o.h.e.t.j.p.i.JtaPlatformInitiator       : HHH000490: Using JtaPlatform implementation: [org.hibernate.engine.transaction.jta.platform.internal.NoJtaPlatform]
2023-04-27 09:09:18.897  INFO 412 --- [restartedMain] j.LocalContainerEntityManagerFactoryBean : Initialized JPA EntityManagerFactory for persistence unit 'default'
2023-04-27 09:09:19.054  WARN 412 --- [restartedMain] JpaBaseConfiguration$JpaWebConfiguration : spring.jpa.open-in-view is enabled by default. Therefore, database queries may be performed during view rendering. Explicitly configure spring.jpa.open-in-view to disable this warning
2023-04-27 09:09:20.085  INFO 412 --- [restartedMain] o.s.b.d.a.OptionalLiveReloadServer       : LiveReload server is running on port 35729
2023-04-27 09:09:20.262  INFO 412 --- [restartedMain] o.a.t.util.net.NioEndpoint.certificate   : Connector [https-jsse-nio-8585], TLS virtual host [_default_], certificate type [UNDEFINED] configured from [file:/C:/Users/Lenovo/Desktop/CapstoneProject/employee-management-project/bin/main/capstone.p12] using alias [myalias] and with trust store [null]
2023-04-27 09:09:20.265  INFO 412 --- [restartedMain] o.s.b.w.embedded.tomcat.TomcatWebServer  : Tomcat started on port(s): 8585 (https) with context path ''
2023-04-27 09:09:20.272  INFO 412 --- [restartedMain] e.p.EmployeeManagementProjectApplication : Started EmployeeManagementProjectApplication in 1.996 seconds (JVM running for 276.458)
2023-04-27 09:09:20.274  INFO 412 --- [restartedMain] .ConditionEvaluationDeltaLoggingListener : Condition evaluation unchanged
2023-04-27 09:09:52.279  INFO 412 --- [File Watcher] rtingClassPathChangeChangedEventListener : Restarting due to 1 class path change (0 additions, 0 deletions, 1 modification)
2023-04-27 09:09:52.299  INFO 412 --- [Thread-11] o.apache.catalina.core.StandardService   : Stopping service [Tomcat]
2023-04-27 09:09:52.305  INFO 412 --- [Thread-11] j.LocalContainerEntityManagerFactoryBean : Closing JPA EntityManagerFactory for persistence unit 'default'
2023-04-27 09:09:52.306  INFO 412 --- [Thread-11] com.zaxxer.hikari.HikariDataSource       : HikariPool-3 - Shutdown initiated...
2023-04-27 09:09:52.311  INFO 412 --- [Thread-11] com.zaxxer.hikari.HikariDataSource       : HikariPool-3 - Shutdown completed.
2023-04-27 09:09:52.393  INFO 412 --- [restartedMain] e.p.EmployeeManagementProjectApplication : Starting EmployeeManagementProjectApplication using Java 17.0.6 on DESKTOP-BPNARK5 with PID 412 (C:\Users\Lenovo\Desktop\CapstoneProject\employee-management-project\bin\main started by Naresh in C:\Users\Lenovo\Desktop\CapstoneProject\employee-management-project)
2023-04-27 09:09:52.393  INFO 412 --- [restartedMain] e.p.EmployeeManagementProjectApplication : No active profile set, falling back to 1 default profile: "default"
2023-04-27 09:09:52.698  INFO 412 --- [restartedMain] .s.d.r.c.RepositoryConfigurationDelegate : Bootstrapping Spring Data JPA repositories in DEFAULT mode.
2023-04-27 09:09:52.711  INFO 412 --- [restartedMain] .s.d.r.c.RepositoryConfigurationDelegate : Finished Spring Data repository scanning in 12 ms. Found 1 JPA repository interfaces.
2023-04-27 09:09:52.784  INFO 412 --- [restartedMain] trationDelegate$BeanPostProcessorChecker : Bean 'org.springframework.ws.config.annotation.DelegatingWsConfiguration' of type [org.springframework.ws.config.annotation.DelegatingWsConfiguration$$EnhancerBySpringCGLIB$$b8baaf69] is not eligible for getting processed by all BeanPostProcessors (for example: not eligible for auto-proxying)
2023-04-27 09:09:52.786  INFO 412 --- [restartedMain] .w.s.a.s.AnnotationActionEndpointMapping : Supporting [WS-Addressing August 2004, WS-Addressing 1.0]
2023-04-27 09:09:52.836  INFO 412 --- [restartedMain] o.s.b.w.embedded.tomcat.TomcatWebServer  : Tomcat initialized with port(s): 8585 (https)
2023-04-27 09:09:52.837  INFO 412 --- [restartedMain] o.apache.catalina.core.StandardService   : Starting service [Tomcat]
2023-04-27 09:09:52.837  INFO 412 --- [restartedMain] org.apache.catalina.core.StandardEngine  : Starting Servlet engine: [Apache Tomcat/9.0.74]
2023-04-27 09:09:52.875  INFO 412 --- [restartedMain] o.a.c.c.C.[Tomcat].[localhost].[/]       : Initializing Spring embedded WebApplicationContext
2023-04-27 09:09:52.875  INFO 412 --- [restartedMain] w.s.c.ServletWebServerApplicationContext : Root WebApplicationContext: initialization completed in 479 ms
2023-04-27 09:09:52.891  INFO 412 --- [restartedMain] com.zaxxer.hikari.HikariDataSource       : HikariPool-4 - Starting...
2023-04-27 09:09:52.906  INFO 412 --- [restartedMain] com.zaxxer.hikari.HikariDataSource       : HikariPool-4 - Start completed.
2023-04-27 09:09:52.907  INFO 412 --- [restartedMain] o.s.b.a.h2.H2ConsoleAutoConfiguration    : H2 console available at '/h2-console'. Database available at 'jdbc:mysql://localhost:3306/employee_management_system'
2023-04-27 09:09:52.938  INFO 412 --- [restartedMain] o.hibernate.jpa.internal.util.LogHelper  : HHH000204: Processing PersistenceUnitInfo [name: default]
2023-04-27 09:09:52.947  INFO 412 --- [restartedMain] org.hibernate.dialect.Dialect            : HHH000400: Using dialect: org.hibernate.dialect.MySQL8Dialect
2023-04-27 09:09:52.983  INFO 412 --- [restartedMain] o.h.e.t.j.p.i.JtaPlatformInitiator       : HHH000490: Using JtaPlatform implementation: [org.hibernate.engine.transaction.jta.platform.internal.NoJtaPlatform]
2023-04-27 09:09:52.984  INFO 412 --- [restartedMain] j.LocalContainerEntityManagerFactoryBean : Initialized JPA EntityManagerFactory for persistence unit 'default'
2023-04-27 09:09:53.137  WARN 412 --- [restartedMain] JpaBaseConfiguration$JpaWebConfiguration : spring.jpa.open-in-view is enabled by default. Therefore, database queries may be performed during view rendering. Explicitly configure spring.jpa.open-in-view to disable this warning
2023-04-27 09:09:53.782  INFO 412 --- [restartedMain] o.s.b.d.a.OptionalLiveReloadServer       : LiveReload server is running on port 35729
2023-04-27 09:09:54.005  INFO 412 --- [restartedMain] o.a.t.util.net.NioEndpoint.certificate   : Connector [https-jsse-nio-8585], TLS virtual host [_default_], certificate type [UNDEFINED] configured from [file:/C:/Users/Lenovo/Desktop/CapstoneProject/employee-management-project/bin/main/capstone.p12] using alias [myalias] and with trust store [null]
2023-04-27 09:09:54.008  INFO 412 --- [restartedMain] o.s.b.w.embedded.tomcat.TomcatWebServer  : Tomcat started on port(s): 8585 (https) with context path ''
2023-04-27 09:09:54.016  INFO 412 --- [restartedMain] e.p.EmployeeManagementProjectApplication : Started EmployeeManagementProjectApplication in 1.653 seconds (JVM running for 310.202)
2023-04-27 09:09:54.018  INFO 412 --- [restartedMain] .ConditionEvaluationDeltaLoggingListener : Condition evaluation unchanged
2023-04-27 09:10:05.118  INFO 412 --- [https-jsse-nio-8585-exec-6] o.a.c.c.C.[Tomcat].[localhost].[/]       : Initializing Spring DispatcherServlet 'dispatcherServlet'
2023-04-27 09:10:05.118  INFO 412 --- [https-jsse-nio-8585-exec-6] o.s.web.servlet.DispatcherServlet        : Initializing Servlet 'dispatcherServlet'
2023-04-27 09:10:05.120  INFO 412 --- [https-jsse-nio-8585-exec-6] o.s.web.servlet.DispatcherServlet        : Completed initialization in 2 ms
2023-04-27 09:10:13.388  INFO 412 --- [https-jsse-nio-8585-exec-7] c.h.c.e.p.controller.EmployeeController  : Getting user by ID: 16104 checking..............  
2023-04-27 09:12:08.633  INFO 412 --- [https-jsse-nio-8585-exec-2] c.h.c.e.p.controller.EmployeeController  : Getting user by ID: 16104 checking..............  
2023-04-27 09:12:14.737  INFO 412 --- [https-jsse-nio-8585-exec-3] c.h.c.e.p.controller.EmployeeController  : Getting user by ID: 161042 checking..............  
2023-04-27 09:12:14.742  INFO 412 --- [https-jsse-nio-8585-exec-3] c.h.c.e.p.e.GlobalExceptionhandler       : Invalid EmployeeId : 161042   { EmployeeID Starts From 16101}
2023-04-27 09:12:14.743  WARN 412 --- [https-jsse-nio-8585-exec-3] .m.m.a.ExceptionHandlerExceptionResolver : Resolved [com.hdfc.capstone.ems.project.exception.InValidEmployeeIDException: Invalid EmployeeId : 161042   { EmployeeID Starts From 16101}]
2023-04-27 09:18:05.705  INFO 412 --- [File Watcher] rtingClassPathChangeChangedEventListener : Restarting due to 1 class path change (0 additions, 0 deletions, 1 modification)
2023-04-27 09:18:05.716  INFO 412 --- [Thread-15] o.apache.catalina.core.StandardService   : Stopping service [Tomcat]
2023-04-27 09:18:05.717  INFO 412 --- [Thread-15] o.a.c.c.C.[Tomcat].[localhost].[/]       : Destroying Spring FrameworkServlet 'dispatcherServlet'
2023-04-27 09:18:05.722  INFO 412 --- [Thread-15] j.LocalContainerEntityManagerFactoryBean : Closing JPA EntityManagerFactory for persistence unit 'default'
2023-04-27 09:18:05.724  INFO 412 --- [Thread-15] com.zaxxer.hikari.HikariDataSource       : HikariPool-4 - Shutdown initiated...
2023-04-27 09:18:05.731  INFO 412 --- [Thread-15] com.zaxxer.hikari.HikariDataSource       : HikariPool-4 - Shutdown completed.
2023-04-27 09:18:05.847  INFO 412 --- [restartedMain] e.p.EmployeeManagementProjectApplication : Starting EmployeeManagementProjectApplication using Java 17.0.6 on DESKTOP-BPNARK5 with PID 412 (C:\Users\Lenovo\Desktop\CapstoneProject\employee-management-project\bin\main started by Naresh in C:\Users\Lenovo\Desktop\CapstoneProject\employee-management-project)
2023-04-27 09:18:05.847  INFO 412 --- [restartedMain] e.p.EmployeeManagementProjectApplication : No active profile set, falling back to 1 default profile: "default"
2023-04-27 09:18:06.161  INFO 412 --- [restartedMain] .s.d.r.c.RepositoryConfigurationDelegate : Bootstrapping Spring Data JPA repositories in DEFAULT mode.
2023-04-27 09:18:06.173  INFO 412 --- [restartedMain] .s.d.r.c.RepositoryConfigurationDelegate : Finished Spring Data repository scanning in 11 ms. Found 1 JPA repository interfaces.
2023-04-27 09:18:06.249  INFO 412 --- [restartedMain] trationDelegate$BeanPostProcessorChecker : Bean 'org.springframework.ws.config.annotation.DelegatingWsConfiguration' of type [org.springframework.ws.config.annotation.DelegatingWsConfiguration$$EnhancerBySpringCGLIB$$b8baaf69] is not eligible for getting processed by all BeanPostProcessors (for example: not eligible for auto-proxying)
2023-04-27 09:18:06.251  INFO 412 --- [restartedMain] .w.s.a.s.AnnotationActionEndpointMapping : Supporting [WS-Addressing August 2004, WS-Addressing 1.0]
2023-04-27 09:18:06.310  INFO 412 --- [restartedMain] o.s.b.w.embedded.tomcat.TomcatWebServer  : Tomcat initialized with port(s): 8585 (https)
2023-04-27 09:18:06.311  INFO 412 --- [restartedMain] o.apache.catalina.core.StandardService   : Starting service [Tomcat]
2023-04-27 09:18:06.311  INFO 412 --- [restartedMain] org.apache.catalina.core.StandardEngine  : Starting Servlet engine: [Apache Tomcat/9.0.74]
2023-04-27 09:18:06.346  INFO 412 --- [restartedMain] o.a.c.c.C.[Tomcat].[localhost].[/]       : Initializing Spring embedded WebApplicationContext
2023-04-27 09:18:06.347  INFO 412 --- [restartedMain] w.s.c.ServletWebServerApplicationContext : Root WebApplicationContext: initialization completed in 497 ms
2023-04-27 09:18:06.364  INFO 412 --- [restartedMain] com.zaxxer.hikari.HikariDataSource       : HikariPool-5 - Starting...
2023-04-27 09:18:06.378  INFO 412 --- [restartedMain] com.zaxxer.hikari.HikariDataSource       : HikariPool-5 - Start completed.
2023-04-27 09:18:06.379  INFO 412 --- [restartedMain] o.s.b.a.h2.H2ConsoleAutoConfiguration    : H2 console available at '/h2-console'. Database available at 'jdbc:mysql://localhost:3306/employee_management_system'
2023-04-27 09:18:06.424  INFO 412 --- [restartedMain] o.hibernate.jpa.internal.util.LogHelper  : HHH000204: Processing PersistenceUnitInfo [name: default]
2023-04-27 09:18:06.435  INFO 412 --- [restartedMain] org.hibernate.dialect.Dialect            : HHH000400: Using dialect: org.hibernate.dialect.MySQL8Dialect
2023-04-27 09:18:06.505  INFO 412 --- [restartedMain] o.h.e.t.j.p.i.JtaPlatformInitiator       : HHH000490: Using JtaPlatform implementation: [org.hibernate.engine.transaction.jta.platform.internal.NoJtaPlatform]
2023-04-27 09:18:06.548  INFO 412 --- [restartedMain] j.LocalContainerEntityManagerFactoryBean : Initialized JPA EntityManagerFactory for persistence unit 'default'
2023-04-27 09:18:06.744  WARN 412 --- [restartedMain] JpaBaseConfiguration$JpaWebConfiguration : spring.jpa.open-in-view is enabled by default. Therefore, database queries may be performed during view rendering. Explicitly configure spring.jpa.open-in-view to disable this warning
2023-04-27 09:18:07.533  INFO 412 --- [restartedMain] o.s.b.d.a.OptionalLiveReloadServer       : LiveReload server is running on port 35729
2023-04-27 09:18:07.786  INFO 412 --- [restartedMain] o.a.t.util.net.NioEndpoint.certificate   : Connector [https-jsse-nio-8585], TLS virtual host [_default_], certificate type [UNDEFINED] configured from [file:/C:/Users/Lenovo/Desktop/CapstoneProject/employee-management-project/bin/main/capstone.p12] using alias [myalias] and with trust store [null]
2023-04-27 09:18:07.790  INFO 412 --- [restartedMain] o.s.b.w.embedded.tomcat.TomcatWebServer  : Tomcat started on port(s): 8585 (https) with context path ''
2023-04-27 09:18:07.798  INFO 412 --- [restartedMain] e.p.EmployeeManagementProjectApplication : Started EmployeeManagementProjectApplication in 1.993 seconds (JVM running for 803.984)
2023-04-27 09:18:07.800  INFO 412 --- [restartedMain] .ConditionEvaluationDeltaLoggingListener : Condition evaluation unchanged
2023-04-27 09:47:28.232  INFO 412 --- [File Watcher] rtingClassPathChangeChangedEventListener : Restarting due to 1 class path change (0 additions, 0 deletions, 1 modification)
2023-04-27 09:47:28.262  INFO 412 --- [Thread-19] o.apache.catalina.core.StandardService   : Stopping service [Tomcat]
2023-04-27 09:47:28.269  INFO 412 --- [Thread-19] j.LocalContainerEntityManagerFactoryBean : Closing JPA EntityManagerFactory for persistence unit 'default'
2023-04-27 09:47:28.270  INFO 412 --- [Thread-19] com.zaxxer.hikari.HikariDataSource       : HikariPool-5 - Shutdown initiated...
2023-04-27 09:47:28.279  INFO 412 --- [Thread-19] com.zaxxer.hikari.HikariDataSource       : HikariPool-5 - Shutdown completed.
2023-04-27 09:47:28.418  INFO 412 --- [restartedMain] e.p.EmployeeManagementProjectApplication : Starting EmployeeManagementProjectApplication using Java 17.0.6 on DESKTOP-BPNARK5 with PID 412 (C:\Users\Lenovo\Desktop\CapstoneProject\employee-management-project\bin\main started by Naresh in C:\Users\Lenovo\Desktop\CapstoneProject\employee-management-project)
2023-04-27 09:47:28.418  INFO 412 --- [restartedMain] e.p.EmployeeManagementProjectApplication : No active profile set, falling back to 1 default profile: "default"
2023-04-27 09:47:29.193  INFO 412 --- [restartedMain] .s.d.r.c.RepositoryConfigurationDelegate : Bootstrapping Spring Data JPA repositories in DEFAULT mode.
2023-04-27 09:47:29.220  INFO 412 --- [restartedMain] .s.d.r.c.RepositoryConfigurationDelegate : Finished Spring Data repository scanning in 23 ms. Found 1 JPA repository interfaces.
2023-04-27 09:47:29.387  INFO 412 --- [restartedMain] trationDelegate$BeanPostProcessorChecker : Bean 'org.springframework.ws.config.annotation.DelegatingWsConfiguration' of type [org.springframework.ws.config.annotation.DelegatingWsConfiguration$$EnhancerBySpringCGLIB$$b8baaf69] is not eligible for getting processed by all BeanPostProcessors (for example: not eligible for auto-proxying)
2023-04-27 09:47:29.398  INFO 412 --- [restartedMain] .w.s.a.s.AnnotationActionEndpointMapping : Supporting [WS-Addressing August 2004, WS-Addressing 1.0]
2023-04-27 09:47:29.533  INFO 412 --- [restartedMain] o.s.b.w.embedded.tomcat.TomcatWebServer  : Tomcat initialized with port(s): 8585 (https)
2023-04-27 09:47:29.534  INFO 412 --- [restartedMain] o.apache.catalina.core.StandardService   : Starting service [Tomcat]
2023-04-27 09:47:29.534  INFO 412 --- [restartedMain] org.apache.catalina.core.StandardEngine  : Starting Servlet engine: [Apache Tomcat/9.0.74]
2023-04-27 09:47:29.630  INFO 412 --- [restartedMain] o.a.c.c.C.[Tomcat].[localhost].[/]       : Initializing Spring embedded WebApplicationContext
2023-04-27 09:47:29.630  INFO 412 --- [restartedMain] w.s.c.ServletWebServerApplicationContext : Root WebApplicationContext: initialization completed in 1209 ms
2023-04-27 09:47:29.671  INFO 412 --- [restartedMain] com.zaxxer.hikari.HikariDataSource       : HikariPool-6 - Starting...
2023-04-27 09:47:29.700  INFO 412 --- [restartedMain] com.zaxxer.hikari.HikariDataSource       : HikariPool-6 - Start completed.
2023-04-27 09:47:29.700  INFO 412 --- [restartedMain] o.s.b.a.h2.H2ConsoleAutoConfiguration    : H2 console available at '/h2-console'. Database available at 'jdbc:mysql://localhost:3306/employee_management_system'
2023-04-27 09:47:29.785  INFO 412 --- [restartedMain] o.hibernate.jpa.internal.util.LogHelper  : HHH000204: Processing PersistenceUnitInfo [name: default]
2023-04-27 09:47:29.800  INFO 412 --- [restartedMain] org.hibernate.dialect.Dialect            : HHH000400: Using dialect: org.hibernate.dialect.MySQL8Dialect
2023-04-27 09:47:29.953  INFO 412 --- [restartedMain] o.h.e.t.j.p.i.JtaPlatformInitiator       : HHH000490: Using JtaPlatform implementation: [org.hibernate.engine.transaction.jta.platform.internal.NoJtaPlatform]
2023-04-27 09:47:29.953  INFO 412 --- [restartedMain] j.LocalContainerEntityManagerFactoryBean : Initialized JPA EntityManagerFactory for persistence unit 'default'
2023-04-27 09:47:30.313  WARN 412 --- [restartedMain] JpaBaseConfiguration$JpaWebConfiguration : spring.jpa.open-in-view is enabled by default. Therefore, database queries may be performed during view rendering. Explicitly configure spring.jpa.open-in-view to disable this warning
2023-04-27 09:47:31.912  INFO 412 --- [restartedMain] o.s.b.d.a.OptionalLiveReloadServer       : LiveReload server is running on port 35729
2023-04-27 09:47:32.346  INFO 412 --- [restartedMain] o.a.t.util.net.NioEndpoint.certificate   : Connector [https-jsse-nio-8585], TLS virtual host [_default_], certificate type [UNDEFINED] configured from [file:/C:/Users/Lenovo/Desktop/CapstoneProject/employee-management-project/bin/main/capstone.p12] using alias [myalias] and with trust store [null]
2023-04-27 09:47:32.351  INFO 412 --- [restartedMain] o.s.b.w.embedded.tomcat.TomcatWebServer  : Tomcat started on port(s): 8585 (https) with context path ''
2023-04-27 09:47:32.362  INFO 412 --- [restartedMain] e.p.EmployeeManagementProjectApplication : Started EmployeeManagementProjectApplication in 4.01 seconds (JVM running for 2568.548)
2023-04-27 09:47:32.366  INFO 412 --- [restartedMain] .ConditionEvaluationDeltaLoggingListener : Condition evaluation unchanged
2023-04-27 09:54:17.554  INFO 412 --- [File Watcher] rtingClassPathChangeChangedEventListener : Restarting due to 1 class path change (0 additions, 0 deletions, 1 modification)
2023-04-27 09:54:18.358  INFO 412 --- [Thread-23] o.apache.catalina.core.StandardService   : Stopping service [Tomcat]
2023-04-27 09:54:18.992  INFO 412 --- [Thread-23] j.LocalContainerEntityManagerFactoryBean : Closing JPA EntityManagerFactory for persistence unit 'default'
2023-04-27 09:54:19.136  INFO 412 --- [Thread-23] com.zaxxer.hikari.HikariDataSource       : HikariPool-6 - Shutdown initiated...
2023-04-27 09:54:19.488  INFO 412 --- [Thread-23] com.zaxxer.hikari.HikariDataSource       : HikariPool-6 - Shutdown completed.
2023-04-27 09:54:21.027  INFO 412 --- [restartedMain] e.p.EmployeeManagementProjectApplication : Starting EmployeeManagementProjectApplication using Java 17.0.6 on DESKTOP-BPNARK5 with PID 412 (C:\Users\Lenovo\Desktop\CapstoneProject\employee-management-project\bin\main started by Naresh in C:\Users\Lenovo\Desktop\CapstoneProject\employee-management-project)
2023-04-27 09:54:21.028  INFO 412 --- [restartedMain] e.p.EmployeeManagementProjectApplication : No active profile set, falling back to 1 default profile: "default"
2023-04-27 09:54:24.123  INFO 412 --- [restartedMain] .s.d.r.c.RepositoryConfigurationDelegate : Bootstrapping Spring Data JPA repositories in DEFAULT mode.
2023-04-27 09:54:24.226  INFO 412 --- [restartedMain] .s.d.r.c.RepositoryConfigurationDelegate : Finished Spring Data repository scanning in 99 ms. Found 1 JPA repository interfaces.
2023-04-27 09:54:24.868  INFO 412 --- [restartedMain] trationDelegate$BeanPostProcessorChecker : Bean 'org.springframework.ws.config.annotation.DelegatingWsConfiguration' of type [org.springframework.ws.config.annotation.DelegatingWsConfiguration$$EnhancerBySpringCGLIB$$b8baaf69] is not eligible for getting processed by all BeanPostProcessors (for example: not eligible for auto-proxying)
2023-04-27 09:54:24.879  INFO 412 --- [restartedMain] .w.s.a.s.AnnotationActionEndpointMapping : Supporting [WS-Addressing August 2004, WS-Addressing 1.0]
2023-04-27 09:54:25.504  INFO 412 --- [restartedMain] o.s.b.w.embedded.tomcat.TomcatWebServer  : Tomcat initialized with port(s): 8585 (https)
2023-04-27 09:54:25.508  INFO 412 --- [restartedMain] o.apache.catalina.core.StandardService   : Starting service [Tomcat]
2023-04-27 09:54:25.509  INFO 412 --- [restartedMain] org.apache.catalina.core.StandardEngine  : Starting Servlet engine: [Apache Tomcat/9.0.74]
2023-04-27 09:54:25.705  INFO 412 --- [restartedMain] o.a.c.c.C.[Tomcat].[localhost].[/]       : Initializing Spring embedded WebApplicationContext
2023-04-27 09:54:25.706  INFO 412 --- [restartedMain] w.s.c.ServletWebServerApplicationContext : Root WebApplicationContext: initialization completed in 4632 ms
2023-04-27 09:54:25.788  INFO 412 --- [restartedMain] com.zaxxer.hikari.HikariDataSource       : HikariPool-7 - Starting...
2023-04-27 09:54:25.884  INFO 412 --- [restartedMain] com.zaxxer.hikari.HikariDataSource       : HikariPool-7 - Start completed.
2023-04-27 09:54:25.885  INFO 412 --- [restartedMain] o.s.b.a.h2.H2ConsoleAutoConfiguration    : H2 console available at '/h2-console'. Database available at 'jdbc:mysql://localhost:3306/employee_management_system'
2023-04-27 09:54:26.143  INFO 412 --- [restartedMain] o.hibernate.jpa.internal.util.LogHelper  : HHH000204: Processing PersistenceUnitInfo [name: default]
2023-04-27 09:54:26.214  INFO 412 --- [restartedMain] org.hibernate.dialect.Dialect            : HHH000400: Using dialect: org.hibernate.dialect.MySQL8Dialect
2023-04-27 09:54:26.421  INFO 412 --- [restartedMain] o.h.e.t.j.p.i.JtaPlatformInitiator       : HHH000490: Using JtaPlatform implementation: [org.hibernate.engine.transaction.jta.platform.internal.NoJtaPlatform]
2023-04-27 09:54:26.422  INFO 412 --- [restartedMain] j.LocalContainerEntityManagerFactoryBean : Initialized JPA EntityManagerFactory for persistence unit 'default'
2023-04-27 09:54:26.791  WARN 412 --- [restartedMain] JpaBaseConfiguration$JpaWebConfiguration : spring.jpa.open-in-view is enabled by default. Therefore, database queries may be performed during view rendering. Explicitly configure spring.jpa.open-in-view to disable this warning
2023-04-27 09:54:29.302  INFO 412 --- [restartedMain] o.s.b.d.a.OptionalLiveReloadServer       : LiveReload server is running on port 35729
2023-04-27 09:54:30.087  INFO 412 --- [restartedMain] o.a.t.util.net.NioEndpoint.certificate   : Connector [https-jsse-nio-8585], TLS virtual host [_default_], certificate type [UNDEFINED] configured from [file:/C:/Users/Lenovo/Desktop/CapstoneProject/employee-management-project/bin/main/capstone.p12] using alias [myalias] and with trust store [null]
2023-04-27 09:54:30.093  INFO 412 --- [restartedMain] o.s.b.w.embedded.tomcat.TomcatWebServer  : Tomcat started on port(s): 8585 (https) with context path ''
2023-04-27 09:54:30.110  INFO 412 --- [restartedMain] e.p.EmployeeManagementProjectApplication : Started EmployeeManagementProjectApplication in 9.235 seconds (JVM running for 2986.295)
2023-04-27 09:54:30.116  INFO 412 --- [restartedMain] .ConditionEvaluationDeltaLoggingListener : Condition evaluation unchanged
2023-04-27 09:56:11.502  INFO 412 --- [RMI TCP Connection(56)-127.0.0.1] inMXBeanRegistrar$SpringApplicationAdmin : Application shutdown requested.
2023-04-27 09:56:11.909  INFO 412 --- [RMI TCP Connection(56)-127.0.0.1] o.apache.catalina.core.StandardService   : Stopping service [Tomcat]
2023-04-27 09:56:12.166  INFO 412 --- [RMI TCP Connection(56)-127.0.0.1] j.LocalContainerEntityManagerFactoryBean : Closing JPA EntityManagerFactory for persistence unit 'default'
2023-04-27 09:56:12.244  INFO 412 --- [RMI TCP Connection(56)-127.0.0.1] com.zaxxer.hikari.HikariDataSource       : HikariPool-7 - Shutdown initiated...
2023-04-27 09:56:12.399  INFO 412 --- [RMI TCP Connection(56)-127.0.0.1] com.zaxxer.hikari.HikariDataSource       : HikariPool-7 - Shutdown completed.
2023-04-27 10:03:35.902  INFO 11296 --- [restartedMain] e.p.EmployeeManagementProjectApplication : Starting EmployeeManagementProjectApplication using Java 17.0.6 on DESKTOP-BPNARK5 with PID 11296 (C:\Users\Lenovo\Desktop\CapstoneProject\employee-management-project\bin\main started by Naresh in C:\Users\Lenovo\Desktop\CapstoneProject\employee-management-project)
2023-04-27 10:03:35.906  INFO 11296 --- [restartedMain] e.p.EmployeeManagementProjectApplication : No active profile set, falling back to 1 default profile: "default"
2023-04-27 10:03:36.131  INFO 11296 --- [restartedMain] .e.DevToolsPropertyDefaultsPostProcessor : Devtools property defaults active! Set 'spring.devtools.add-properties' to 'false' to disable
2023-04-27 10:03:36.132  INFO 11296 --- [restartedMain] .e.DevToolsPropertyDefaultsPostProcessor : For additional web related logging consider setting the 'logging.level.web' property to 'DEBUG'
2023-04-27 10:03:39.355  INFO 11296 --- [restartedMain] .s.d.r.c.RepositoryConfigurationDelegate : Bootstrapping Spring Data JPA repositories in DEFAULT mode.
2023-04-27 10:03:40.193  INFO 11296 --- [restartedMain] .s.d.r.c.RepositoryConfigurationDelegate : Finished Spring Data repository scanning in 809 ms. Found 1 JPA repository interfaces.
2023-04-27 10:03:41.382  INFO 11296 --- [restartedMain] trationDelegate$BeanPostProcessorChecker : Bean 'org.springframework.ws.config.annotation.DelegatingWsConfiguration' of type [org.springframework.ws.config.annotation.DelegatingWsConfiguration$$EnhancerBySpringCGLIB$$9033b7a3] is not eligible for getting processed by all BeanPostProcessors (for example: not eligible for auto-proxying)
2023-04-27 10:03:41.539  INFO 11296 --- [restartedMain] .w.s.a.s.AnnotationActionEndpointMapping : Supporting [WS-Addressing August 2004, WS-Addressing 1.0]
2023-04-27 10:03:42.309  INFO 11296 --- [restartedMain] o.s.b.w.embedded.tomcat.TomcatWebServer  : Tomcat initialized with port(s): 8585 (https)
2023-04-27 10:03:42.331  INFO 11296 --- [restartedMain] o.apache.catalina.core.StandardService   : Starting service [Tomcat]
2023-04-27 10:03:42.331  INFO 11296 --- [restartedMain] org.apache.catalina.core.StandardEngine  : Starting Servlet engine: [Apache Tomcat/9.0.74]
2023-04-27 10:03:42.568  INFO 11296 --- [restartedMain] o.a.c.c.C.[Tomcat].[localhost].[/]       : Initializing Spring embedded WebApplicationContext
2023-04-27 10:03:42.569  INFO 11296 --- [restartedMain] w.s.c.ServletWebServerApplicationContext : Root WebApplicationContext: initialization completed in 6436 ms
2023-04-27 10:03:42.698  INFO 11296 --- [restartedMain] com.zaxxer.hikari.HikariDataSource       : HikariPool-1 - Starting...
2023-04-27 10:03:43.530  INFO 11296 --- [restartedMain] com.zaxxer.hikari.HikariDataSource       : HikariPool-1 - Start completed.
2023-04-27 10:03:43.551  INFO 11296 --- [restartedMain] o.s.b.a.h2.H2ConsoleAutoConfiguration    : H2 console available at '/h2-console'. Database available at 'jdbc:mysql://localhost:3306/employee_management_system'
2023-04-27 10:03:44.148  INFO 11296 --- [restartedMain] o.hibernate.jpa.internal.util.LogHelper  : HHH000204: Processing PersistenceUnitInfo [name: default]
2023-04-27 10:03:44.346  INFO 11296 --- [restartedMain] org.hibernate.Version                    : HHH000412: Hibernate ORM core version 5.6.15.Final
2023-04-27 10:03:44.853  INFO 11296 --- [restartedMain] o.hibernate.annotations.common.Version   : HCANN000001: Hibernate Commons Annotations {5.1.2.Final}
2023-04-27 10:03:45.264  INFO 11296 --- [restartedMain] org.hibernate.dialect.Dialect            : HHH000400: Using dialect: org.hibernate.dialect.MySQL8Dialect
2023-04-27 10:03:46.951  INFO 11296 --- [restartedMain] o.h.e.t.j.p.i.JtaPlatformInitiator       : HHH000490: Using JtaPlatform implementation: [org.hibernate.engine.transaction.jta.platform.internal.NoJtaPlatform]
2023-04-27 10:03:46.985  INFO 11296 --- [restartedMain] j.LocalContainerEntityManagerFactoryBean : Initialized JPA EntityManagerFactory for persistence unit 'default'
2023-04-27 10:03:48.712  WARN 11296 --- [restartedMain] JpaBaseConfiguration$JpaWebConfiguration : spring.jpa.open-in-view is enabled by default. Therefore, database queries may be performed during view rendering. Explicitly configure spring.jpa.open-in-view to disable this warning
2023-04-27 10:03:53.598  INFO 11296 --- [restartedMain] o.s.b.d.a.OptionalLiveReloadServer       : LiveReload server is running on port 35729
2023-04-27 10:03:54.215  INFO 11296 --- [restartedMain] o.a.t.util.net.NioEndpoint.certificate   : Connector [https-jsse-nio-8585], TLS virtual host [_default_], certificate type [UNDEFINED] configured from [file:/C:/Users/Lenovo/Desktop/CapstoneProject/employee-management-project/bin/main/capstone.p12] using alias [myalias] and with trust store [null]
2023-04-27 10:03:54.263  INFO 11296 --- [restartedMain] o.s.b.w.embedded.tomcat.TomcatWebServer  : Tomcat started on port(s): 8585 (https) with context path ''
2023-04-27 10:03:54.295  INFO 11296 --- [restartedMain] e.p.EmployeeManagementProjectApplication : Started EmployeeManagementProjectApplication in 20.301 seconds (JVM running for 24.136)
2023-04-27 10:12:41.205  INFO 11296 --- [RMI TCP Connection(11)-127.0.0.1] inMXBeanRegistrar$SpringApplicationAdmin : Application shutdown requested.
2023-04-27 10:12:41.363  INFO 11296 --- [RMI TCP Connection(11)-127.0.0.1] o.apache.catalina.core.StandardService   : Stopping service [Tomcat]
2023-04-27 10:12:41.466  INFO 11296 --- [RMI TCP Connection(11)-127.0.0.1] j.LocalContainerEntityManagerFactoryBean : Closing JPA EntityManagerFactory for persistence unit 'default'
2023-04-27 10:12:41.488  INFO 11296 --- [RMI TCP Connection(11)-127.0.0.1] com.zaxxer.hikari.HikariDataSource       : HikariPool-1 - Shutdown initiated...
2023-04-27 10:12:41.522  INFO 11296 --- [RMI TCP Connection(11)-127.0.0.1] com.zaxxer.hikari.HikariDataSource       : HikariPool-1 - Shutdown completed.
2023-04-27 10:12:46.339  INFO 2728 --- [restartedMain] e.p.EmployeeManagementProjectApplication : Starting EmployeeManagementProjectApplication using Java 17.0.6 on DESKTOP-BPNARK5 with PID 2728 (C:\Users\Lenovo\Desktop\CapstoneProject\employee-management-project\bin\main started by Naresh in C:\Users\Lenovo\Desktop\CapstoneProject\employee-management-project)
2023-04-27 10:12:46.341  INFO 2728 --- [restartedMain] e.p.EmployeeManagementProjectApplication : No active profile set, falling back to 1 default profile: "default"
2023-04-27 10:12:46.593  INFO 2728 --- [restartedMain] .e.DevToolsPropertyDefaultsPostProcessor : Devtools property defaults active! Set 'spring.devtools.add-properties' to 'false' to disable
2023-04-27 10:12:46.594  INFO 2728 --- [restartedMain] .e.DevToolsPropertyDefaultsPostProcessor : For additional web related logging consider setting the 'logging.level.web' property to 'DEBUG'
2023-04-27 10:12:48.274  INFO 2728 --- [restartedMain] .s.d.r.c.RepositoryConfigurationDelegate : Bootstrapping Spring Data JPA repositories in DEFAULT mode.
2023-04-27 10:12:48.637  INFO 2728 --- [restartedMain] .s.d.r.c.RepositoryConfigurationDelegate : Finished Spring Data repository scanning in 340 ms. Found 1 JPA repository interfaces.
2023-04-27 10:12:49.257  INFO 2728 --- [restartedMain] trationDelegate$BeanPostProcessorChecker : Bean 'org.springframework.ws.config.annotation.DelegatingWsConfiguration' of type [org.springframework.ws.config.annotation.DelegatingWsConfiguration$$EnhancerBySpringCGLIB$$89c10612] is not eligible for getting processed by all BeanPostProcessors (for example: not eligible for auto-proxying)
2023-04-27 10:12:49.387  INFO 2728 --- [restartedMain] .w.s.a.s.AnnotationActionEndpointMapping : Supporting [WS-Addressing August 2004, WS-Addressing 1.0]
2023-04-27 10:12:50.051  INFO 2728 --- [restartedMain] o.s.b.w.embedded.tomcat.TomcatWebServer  : Tomcat initialized with port(s): 8585 (https)
2023-04-27 10:12:50.071  INFO 2728 --- [restartedMain] o.apache.catalina.core.StandardService   : Starting service [Tomcat]
2023-04-27 10:12:50.072  INFO 2728 --- [restartedMain] org.apache.catalina.core.StandardEngine  : Starting Servlet engine: [Apache Tomcat/9.0.74]
2023-04-27 10:12:50.409  INFO 2728 --- [restartedMain] o.a.c.c.C.[Tomcat].[localhost].[/]       : Initializing Spring embedded WebApplicationContext
2023-04-27 10:12:50.412  INFO 2728 --- [restartedMain] w.s.c.ServletWebServerApplicationContext : Root WebApplicationContext: initialization completed in 3815 ms
2023-04-27 10:12:50.608  INFO 2728 --- [restartedMain] com.zaxxer.hikari.HikariDataSource       : HikariPool-1 - Starting...
2023-04-27 10:12:51.383  INFO 2728 --- [restartedMain] com.zaxxer.hikari.HikariDataSource       : HikariPool-1 - Start completed.
2023-04-27 10:12:51.413  INFO 2728 --- [restartedMain] o.s.b.a.h2.H2ConsoleAutoConfiguration    : H2 console available at '/h2-console'. Database available at 'jdbc:mysql://localhost:3306/employee_management_system'
2023-04-27 10:12:51.839  INFO 2728 --- [restartedMain] o.hibernate.jpa.internal.util.LogHelper  : HHH000204: Processing PersistenceUnitInfo [name: default]
2023-04-27 10:12:51.953  INFO 2728 --- [restartedMain] org.hibernate.Version                    : HHH000412: Hibernate ORM core version 5.6.15.Final
2023-04-27 10:12:52.317  INFO 2728 --- [restartedMain] o.hibernate.annotations.common.Version   : HCANN000001: Hibernate Commons Annotations {5.1.2.Final}
2023-04-27 10:12:52.650  INFO 2728 --- [restartedMain] org.hibernate.dialect.Dialect            : HHH000400: Using dialect: org.hibernate.dialect.MySQL8Dialect
2023-04-27 10:12:53.712  INFO 2728 --- [restartedMain] o.h.e.t.j.p.i.JtaPlatformInitiator       : HHH000490: Using JtaPlatform implementation: [org.hibernate.engine.transaction.jta.platform.internal.NoJtaPlatform]
2023-04-27 10:12:53.738  INFO 2728 --- [restartedMain] j.LocalContainerEntityManagerFactoryBean : Initialized JPA EntityManagerFactory for persistence unit 'default'
2023-04-27 10:12:54.456  WARN 2728 --- [restartedMain] JpaBaseConfiguration$JpaWebConfiguration : spring.jpa.open-in-view is enabled by default. Therefore, database queries may be performed during view rendering. Explicitly configure spring.jpa.open-in-view to disable this warning
2023-04-27 10:12:58.337  INFO 2728 --- [restartedMain] o.s.b.d.a.OptionalLiveReloadServer       : LiveReload server is running on port 35729
2023-04-27 10:12:59.532  INFO 2728 --- [restartedMain] o.a.t.util.net.NioEndpoint.certificate   : Connector [https-jsse-nio-8585], TLS virtual host [_default_], certificate type [UNDEFINED] configured from [file:/C:/Users/Lenovo/Desktop/CapstoneProject/employee-management-project/bin/main/capstone.p12] using alias [myalias] and with trust store [null]
2023-04-27 10:12:59.635  INFO 2728 --- [restartedMain] o.s.b.w.embedded.tomcat.TomcatWebServer  : Tomcat started on port(s): 8585 (https) with context path ''
2023-04-27 10:12:59.679  INFO 2728 --- [restartedMain] e.p.EmployeeManagementProjectApplication : Started EmployeeManagementProjectApplication in 14.017 seconds (JVM running for 15.668)
2023-04-27 10:20:55.435  INFO 2728 --- [RMI TCP Connection(11)-127.0.0.1] inMXBeanRegistrar$SpringApplicationAdmin : Application shutdown requested.
2023-04-27 10:20:55.675  INFO 2728 --- [RMI TCP Connection(11)-127.0.0.1] o.apache.catalina.core.StandardService   : Stopping service [Tomcat]
2023-04-27 10:20:55.885  INFO 2728 --- [RMI TCP Connection(11)-127.0.0.1] j.LocalContainerEntityManagerFactoryBean : Closing JPA EntityManagerFactory for persistence unit 'default'
2023-04-27 10:20:55.943  INFO 2728 --- [RMI TCP Connection(11)-127.0.0.1] com.zaxxer.hikari.HikariDataSource       : HikariPool-1 - Shutdown initiated...
2023-04-27 10:20:56.010  INFO 2728 --- [RMI TCP Connection(11)-127.0.0.1] com.zaxxer.hikari.HikariDataSource       : HikariPool-1 - Shutdown completed.
2023-04-27 10:25:22.851  INFO 9920 --- [restartedMain] e.p.EmployeeManagementProjectApplication : Starting EmployeeManagementProjectApplication using Java 17.0.6 on DESKTOP-BPNARK5 with PID 9920 (C:\Users\Lenovo\Desktop\CapstoneProject\employee-management-project\bin\main started by Naresh in C:\Users\Lenovo\Desktop\CapstoneProject\employee-management-project)
2023-04-27 10:25:22.860  INFO 9920 --- [restartedMain] e.p.EmployeeManagementProjectApplication : No active profile set, falling back to 1 default profile: "default"
2023-04-27 10:25:23.040  INFO 9920 --- [restartedMain] .e.DevToolsPropertyDefaultsPostProcessor : Devtools property defaults active! Set 'spring.devtools.add-properties' to 'false' to disable
2023-04-27 10:25:23.041  INFO 9920 --- [restartedMain] .e.DevToolsPropertyDefaultsPostProcessor : For additional web related logging consider setting the 'logging.level.web' property to 'DEBUG'
2023-04-27 10:25:25.370  INFO 9920 --- [restartedMain] .s.d.r.c.RepositoryConfigurationDelegate : Bootstrapping Spring Data JPA repositories in DEFAULT mode.
2023-04-27 10:25:25.800  INFO 9920 --- [restartedMain] .s.d.r.c.RepositoryConfigurationDelegate : Finished Spring Data repository scanning in 393 ms. Found 1 JPA repository interfaces.
2023-04-27 10:25:27.027  INFO 9920 --- [restartedMain] trationDelegate$BeanPostProcessorChecker : Bean 'org.springframework.ws.config.annotation.DelegatingWsConfiguration' of type [org.springframework.ws.config.annotation.DelegatingWsConfiguration$$EnhancerBySpringCGLIB$$bbbdf849] is not eligible for getting processed by all BeanPostProcessors (for example: not eligible for auto-proxying)
2023-04-27 10:25:27.313  INFO 9920 --- [restartedMain] .w.s.a.s.AnnotationActionEndpointMapping : Supporting [WS-Addressing August 2004, WS-Addressing 1.0]
2023-04-27 10:25:28.160  INFO 9920 --- [restartedMain] o.s.b.w.embedded.tomcat.TomcatWebServer  : Tomcat initialized with port(s): 8585 (https)
2023-04-27 10:25:28.198  INFO 9920 --- [restartedMain] o.apache.catalina.core.StandardService   : Starting service [Tomcat]
2023-04-27 10:25:28.198  INFO 9920 --- [restartedMain] org.apache.catalina.core.StandardEngine  : Starting Servlet engine: [Apache Tomcat/9.0.74]
2023-04-27 10:25:28.409  INFO 9920 --- [restartedMain] o.a.c.c.C.[Tomcat].[localhost].[/]       : Initializing Spring embedded WebApplicationContext
2023-04-27 10:25:28.410  INFO 9920 --- [restartedMain] w.s.c.ServletWebServerApplicationContext : Root WebApplicationContext: initialization completed in 5368 ms
2023-04-27 10:25:28.501  INFO 9920 --- [restartedMain] com.zaxxer.hikari.HikariDataSource       : HikariPool-1 - Starting...
2023-04-27 10:25:29.264  INFO 9920 --- [restartedMain] com.zaxxer.hikari.HikariDataSource       : HikariPool-1 - Start completed.
2023-04-27 10:25:29.288  INFO 9920 --- [restartedMain] o.s.b.a.h2.H2ConsoleAutoConfiguration    : H2 console available at '/h2-console'. Database available at 'jdbc:mysql://localhost:3306/employee_management_system'
2023-04-27 10:25:29.754  INFO 9920 --- [restartedMain] o.hibernate.jpa.internal.util.LogHelper  : HHH000204: Processing PersistenceUnitInfo [name: default]
2023-04-27 10:25:29.944  INFO 9920 --- [restartedMain] org.hibernate.Version                    : HHH000412: Hibernate ORM core version 5.6.15.Final
2023-04-27 10:25:30.302  INFO 9920 --- [restartedMain] o.hibernate.annotations.common.Version   : HCANN000001: Hibernate Commons Annotations {5.1.2.Final}
2023-04-27 10:25:30.589  INFO 9920 --- [restartedMain] org.hibernate.dialect.Dialect            : HHH000400: Using dialect: org.hibernate.dialect.MySQL8Dialect
2023-04-27 10:25:31.861  INFO 9920 --- [restartedMain] o.h.e.t.j.p.i.JtaPlatformInitiator       : HHH000490: Using JtaPlatform implementation: [org.hibernate.engine.transaction.jta.platform.internal.NoJtaPlatform]
2023-04-27 10:25:31.877  INFO 9920 --- [restartedMain] j.LocalContainerEntityManagerFactoryBean : Initialized JPA EntityManagerFactory for persistence unit 'default'
2023-04-27 10:25:32.646  WARN 9920 --- [restartedMain] JpaBaseConfiguration$JpaWebConfiguration : spring.jpa.open-in-view is enabled by default. Therefore, database queries may be performed during view rendering. Explicitly configure spring.jpa.open-in-view to disable this warning
2023-04-27 10:25:34.963  INFO 9920 --- [restartedMain] o.s.b.d.a.OptionalLiveReloadServer       : LiveReload server is running on port 35729
2023-04-27 10:25:35.478  INFO 9920 --- [restartedMain] o.a.t.util.net.NioEndpoint.certificate   : Connector [https-jsse-nio-8585], TLS virtual host [_default_], certificate type [UNDEFINED] configured from [file:/C:/Users/Lenovo/Desktop/CapstoneProject/employee-management-project/bin/main/capstone.p12] using alias [myalias] and with trust store [null]
2023-04-27 10:25:35.521  INFO 9920 --- [restartedMain] o.s.b.w.embedded.tomcat.TomcatWebServer  : Tomcat started on port(s): 8585 (https) with context path ''
2023-04-27 10:25:35.546  INFO 9920 --- [restartedMain] e.p.EmployeeManagementProjectApplication : Started EmployeeManagementProjectApplication in 13.619 seconds (JVM running for 15.65)
2023-04-27 11:25:00.106  INFO 9920 --- [https-jsse-nio-8585-exec-6] o.a.c.c.C.[Tomcat].[localhost].[/]       : Initializing Spring DispatcherServlet 'dispatcherServlet'
2023-04-27 11:25:00.119  INFO 9920 --- [https-jsse-nio-8585-exec-6] o.s.web.servlet.DispatcherServlet        : Initializing Servlet 'dispatcherServlet'
2023-04-27 11:25:00.269  INFO 9920 --- [https-jsse-nio-8585-exec-6] o.s.web.servlet.DispatcherServlet        : Completed initialization in 150 ms
2023-04-27 11:25:00.710  INFO 9920 --- [https-jsse-nio-8585-exec-6] c.h.c.e.p.controller.EmployeeController  : Getting user by ID: 16104 checking..............  
2023-04-27 13:04:12.462  WARN 9920 --- [HikariPool-1 housekeeper] com.zaxxer.hikari.pool.HikariPool        : HikariPool-1 - Thread starvation or clock leap detected (housekeeper delta=51s986ms192s200ns).
