2023-04-26 13:49:13.674  INFO 14884 --- [restartedMain] p.EmployeeManagementContainerApplication : Starting EmployeeManagementContainerApplication using Java 17.0.6 on DESKTOP-BPNARK5 with PID 14884 (C:\Users\Lenovo\Desktop\CapstoneProject\employee-management-container\bin\main started by Naresh in C:\Users\Lenovo\Desktop\CapstoneProject\employee-management-container)
2023-04-26 13:49:13.681  INFO 14884 --- [restartedMain] p.EmployeeManagementContainerApplication : No active profile set, falling back to 1 default profile: "default"
2023-04-26 13:49:14.214  INFO 14884 --- [restartedMain] .e.DevToolsPropertyDefaultsPostProcessor : Devtools property defaults active! Set 'spring.devtools.add-properties' to 'false' to disable
2023-04-26 13:49:14.215  INFO 14884 --- [restartedMain] .e.DevToolsPropertyDefaultsPostProcessor : For additional web related logging consider setting the 'logging.level.web' property to 'DEBUG'
2023-04-26 13:49:19.489  INFO 14884 --- [restartedMain] .s.d.r.c.RepositoryConfigurationDelegate : Bootstrapping Spring Data JPA repositories in DEFAULT mode.
2023-04-26 13:49:20.294  INFO 14884 --- [restartedMain] .s.d.r.c.RepositoryConfigurationDelegate : Finished Spring Data repository scanning in 769 ms. Found 1 JPA repository interfaces.
2023-04-26 13:49:21.677  INFO 14884 --- [restartedMain] trationDelegate$BeanPostProcessorChecker : Bean 'org.springframework.ws.config.annotation.DelegatingWsConfiguration' of type [org.springframework.ws.config.annotation.DelegatingWsConfiguration$$EnhancerBySpringCGLIB$$be71169b] is not eligible for getting processed by all BeanPostProcessors (for example: not eligible for auto-proxying)
2023-04-26 13:49:22.134  INFO 14884 --- [restartedMain] .w.s.a.s.AnnotationActionEndpointMapping : Supporting [WS-Addressing August 2004, WS-Addressing 1.0]
2023-04-26 13:49:24.112  INFO 14884 --- [restartedMain] o.s.b.w.embedded.tomcat.TomcatWebServer  : Tomcat initialized with port(s): 8585 (https)
2023-04-26 13:49:24.246  INFO 14884 --- [restartedMain] o.apache.catalina.core.StandardService   : Starting service [Tomcat]
2023-04-26 13:49:24.248  INFO 14884 --- [restartedMain] org.apache.catalina.core.StandardEngine  : Starting Servlet engine: [Apache Tomcat/9.0.74]
2023-04-26 13:49:24.738  INFO 14884 --- [restartedMain] o.a.c.c.C.[Tomcat].[localhost].[/]       : Initializing Spring embedded WebApplicationContext
2023-04-26 13:49:24.740  INFO 14884 --- [restartedMain] w.s.c.ServletWebServerApplicationContext : Root WebApplicationContext: initialization completed in 10520 ms
2023-04-26 13:49:24.926  INFO 14884 --- [restartedMain] com.zaxxer.hikari.HikariDataSource       : HikariPool-1 - Starting...
2023-04-26 13:49:26.422  INFO 14884 --- [restartedMain] com.zaxxer.hikari.HikariDataSource       : HikariPool-1 - Start completed.
2023-04-26 13:49:26.492  INFO 14884 --- [restartedMain] o.s.b.a.h2.H2ConsoleAutoConfiguration    : H2 console available at '/h2-console'. Database available at 'jdbc:mysql://localhost:3306/Employee_Managment_System'
2023-04-26 13:49:27.624  INFO 14884 --- [restartedMain] o.hibernate.jpa.internal.util.LogHelper  : HHH000204: Processing PersistenceUnitInfo [name: default]
2023-04-26 13:49:28.020  INFO 14884 --- [restartedMain] org.hibernate.Version                    : HHH000412: Hibernate ORM core version 5.6.15.Final
2023-04-26 13:49:29.325  INFO 14884 --- [restartedMain] o.hibernate.annotations.common.Version   : HCANN000001: Hibernate Commons Annotations {5.1.2.Final}
2023-04-26 13:49:30.020  INFO 14884 --- [restartedMain] org.hibernate.dialect.Dialect            : HHH000400: Using dialect: org.hibernate.dialect.MySQL8Dialect
2023-04-26 13:49:32.801  INFO 14884 --- [restartedMain] o.h.e.t.j.p.i.JtaPlatformInitiator       : HHH000490: Using JtaPlatform implementation: [org.hibernate.engine.transaction.jta.platform.internal.NoJtaPlatform]
2023-04-26 13:49:32.852  INFO 14884 --- [restartedMain] j.LocalContainerEntityManagerFactoryBean : Initialized JPA EntityManagerFactory for persistence unit 'default'
2023-04-26 13:49:34.575  WARN 14884 --- [restartedMain] JpaBaseConfiguration$JpaWebConfiguration : spring.jpa.open-in-view is enabled by default. Therefore, database queries may be performed during view rendering. Explicitly configure spring.jpa.open-in-view to disable this warning
2023-04-26 13:49:39.801  INFO 14884 --- [restartedMain] o.s.b.d.a.OptionalLiveReloadServer       : LiveReload server is running on port 35729
2023-04-26 13:49:40.679  INFO 14884 --- [restartedMain] o.a.t.util.net.NioEndpoint.certificate   : Connector [https-jsse-nio-8585], TLS virtual host [_default_], certificate type [UNDEFINED] configured from [file:/C:/Users/Lenovo/Desktop/CapstoneProject/employee-management-container/bin/main/capstone.p12] using alias [myalias] and with trust store [null]
2023-04-26 13:49:40.732  INFO 14884 --- [restartedMain] o.s.b.w.embedded.tomcat.TomcatWebServer  : Tomcat started on port(s): 8585 (https) with context path ''
2023-04-26 13:49:40.771  INFO 14884 --- [restartedMain] p.EmployeeManagementContainerApplication : Started EmployeeManagementContainerApplication in 33.139 seconds (JVM running for 36.677)
2023-04-26 13:50:39.462  INFO 14884 --- [File Watcher] rtingClassPathChangeChangedEventListener : Restarting due to 1 class path change (0 additions, 0 deletions, 1 modification)
2023-04-26 13:50:40.203  INFO 14884 --- [Thread-5] o.apache.catalina.core.StandardService   : Stopping service [Tomcat]
2023-04-26 13:50:40.900  INFO 14884 --- [Thread-5] j.LocalContainerEntityManagerFactoryBean : Closing JPA EntityManagerFactory for persistence unit 'default'
2023-04-26 13:50:40.933  INFO 14884 --- [Thread-5] com.zaxxer.hikari.HikariDataSource       : HikariPool-1 - Shutdown initiated...
2023-04-26 13:50:41.053  INFO 14884 --- [Thread-5] com.zaxxer.hikari.HikariDataSource       : HikariPool-1 - Shutdown completed.
2023-04-26 13:50:42.010  INFO 14884 --- [restartedMain] p.EmployeeManagementContainerApplication : Starting EmployeeManagementContainerApplication using Java 17.0.6 on DESKTOP-BPNARK5 with PID 14884 (C:\Users\Lenovo\Desktop\CapstoneProject\employee-management-container\bin\main started by Naresh in C:\Users\Lenovo\Desktop\CapstoneProject\employee-management-container)
2023-04-26 13:50:42.011  INFO 14884 --- [restartedMain] p.EmployeeManagementContainerApplication : No active profile set, falling back to 1 default profile: "default"
2023-04-26 13:50:44.195  INFO 14884 --- [restartedMain] .s.d.r.c.RepositoryConfigurationDelegate : Bootstrapping Spring Data JPA repositories in DEFAULT mode.
2023-04-26 13:50:44.277  INFO 14884 --- [restartedMain] .s.d.r.c.RepositoryConfigurationDelegate : Finished Spring Data repository scanning in 79 ms. Found 1 JPA repository interfaces.
2023-04-26 13:50:45.664  INFO 14884 --- [restartedMain] trationDelegate$BeanPostProcessorChecker : Bean 'org.springframework.ws.config.annotation.DelegatingWsConfiguration' of type [org.springframework.ws.config.annotation.DelegatingWsConfiguration$$EnhancerBySpringCGLIB$$be71169b] is not eligible for getting processed by all BeanPostProcessors (for example: not eligible for auto-proxying)
2023-04-26 13:50:45.677  INFO 14884 --- [restartedMain] .w.s.a.s.AnnotationActionEndpointMapping : Supporting [WS-Addressing August 2004, WS-Addressing 1.0]
2023-04-26 13:50:46.330  INFO 14884 --- [restartedMain] o.s.b.w.embedded.tomcat.TomcatWebServer  : Tomcat initialized with port(s): 8989 (https)
2023-04-26 13:50:46.332  INFO 14884 --- [restartedMain] o.apache.catalina.core.StandardService   : Starting service [Tomcat]
2023-04-26 13:50:46.333  INFO 14884 --- [restartedMain] org.apache.catalina.core.StandardEngine  : Starting Servlet engine: [Apache Tomcat/9.0.74]
2023-04-26 13:50:46.584  INFO 14884 --- [restartedMain] o.a.c.c.C.[Tomcat].[localhost].[/]       : Initializing Spring embedded WebApplicationContext
2023-04-26 13:50:46.585  INFO 14884 --- [restartedMain] w.s.c.ServletWebServerApplicationContext : Root WebApplicationContext: initialization completed in 4562 ms
2023-04-26 13:50:46.716  INFO 14884 --- [restartedMain] com.zaxxer.hikari.HikariDataSource       : HikariPool-2 - Starting...
2023-04-26 13:50:46.782  INFO 14884 --- [restartedMain] com.zaxxer.hikari.HikariDataSource       : HikariPool-2 - Start completed.
2023-04-26 13:50:46.783  INFO 14884 --- [restartedMain] o.s.b.a.h2.H2ConsoleAutoConfiguration    : H2 console available at '/h2-console'. Database available at 'jdbc:mysql://localhost:3306/Employee_Managment_System'
2023-04-26 13:50:46.933  INFO 14884 --- [restartedMain] o.hibernate.jpa.internal.util.LogHelper  : HHH000204: Processing PersistenceUnitInfo [name: default]
2023-04-26 13:50:46.960  INFO 14884 --- [restartedMain] org.hibernate.dialect.Dialect            : HHH000400: Using dialect: org.hibernate.dialect.MySQL8Dialect
2023-04-26 13:50:48.662  INFO 14884 --- [restartedMain] o.h.e.t.j.p.i.JtaPlatformInitiator       : HHH000490: Using JtaPlatform implementation: [org.hibernate.engine.transaction.jta.platform.internal.NoJtaPlatform]
2023-04-26 13:50:48.663  INFO 14884 --- [restartedMain] j.LocalContainerEntityManagerFactoryBean : Initialized JPA EntityManagerFactory for persistence unit 'default'
2023-04-26 13:50:49.051  WARN 14884 --- [restartedMain] JpaBaseConfiguration$JpaWebConfiguration : spring.jpa.open-in-view is enabled by default. Therefore, database queries may be performed during view rendering. Explicitly configure spring.jpa.open-in-view to disable this warning
2023-04-26 13:50:52.151  INFO 14884 --- [restartedMain] o.s.b.d.a.OptionalLiveReloadServer       : LiveReload server is running on port 35729
2023-04-26 13:50:53.195  INFO 14884 --- [restartedMain] o.a.t.util.net.NioEndpoint.certificate   : Connector [https-jsse-nio-8989], TLS virtual host [_default_], certificate type [UNDEFINED] configured from [file:/C:/Users/Lenovo/Desktop/CapstoneProject/employee-management-container/bin/main/capstone.p12] using alias [myalias] and with trust store [null]
2023-04-26 13:50:53.212  INFO 14884 --- [restartedMain] o.s.b.w.embedded.tomcat.TomcatWebServer  : Tomcat started on port(s): 8989 (https) with context path ''
2023-04-26 13:50:53.230  INFO 14884 --- [restartedMain] p.EmployeeManagementContainerApplication : Started EmployeeManagementContainerApplication in 11.812 seconds (JVM running for 109.136)
2023-04-26 13:50:53.239  INFO 14884 --- [restartedMain] .ConditionEvaluationDeltaLoggingListener : Condition evaluation unchanged
2023-04-26 13:51:00.550  INFO 14884 --- [RMI TCP Connection(6)-127.0.0.1] inMXBeanRegistrar$SpringApplicationAdmin : Application shutdown requested.
2023-04-26 13:51:00.597  INFO 14884 --- [RMI TCP Connection(6)-127.0.0.1] o.apache.catalina.core.StandardService   : Stopping service [Tomcat]
2023-04-26 13:51:00.627  INFO 14884 --- [RMI TCP Connection(6)-127.0.0.1] j.LocalContainerEntityManagerFactoryBean : Closing JPA EntityManagerFactory for persistence unit 'default'
2023-04-26 13:51:00.631  INFO 14884 --- [RMI TCP Connection(6)-127.0.0.1] com.zaxxer.hikari.HikariDataSource       : HikariPool-2 - Shutdown initiated...
2023-04-26 13:51:00.679  INFO 14884 --- [RMI TCP Connection(6)-127.0.0.1] com.zaxxer.hikari.HikariDataSource       : HikariPool-2 - Shutdown completed.
